/uufs/chpc.utah.edu/common/home/u1141243/.bashrc: line 65: bind: warning: line editing not enabled
[?1034h/uufs/chpc.utah.edu/common/home/u1141243/.bashrc: line 66: bind: warning: line editing not enabled
/uufs/chpc.utah.edu/sys/installdir/python/3.6.3/lib/python3.6/site-packages/h5py-2.7.1-py3.6-linux-x86_64.egg/h5py/__init__.py:36: FutureWarning: Conversion of the second argument of issubdtype from `float` to `np.floating` is deprecated. In future, it will be treated as `np.float64 == np.dtype(float).type`.
  from ._conv import register_converters as _register_converters
/uufs/chpc.utah.edu/sys/installdir/python/3.6.3/lib/python3.6/site-packages/h5py-2.7.1-py3.6-linux-x86_64.egg/h5py/__init__.py:68: UserWarning: h5py is running against HDF5 1.8.17 when it was built against 1.8.4, this may cause problems
  '{0}.{1}.{2}'.format(*version.hdf5_built_version_tuple)
Multiprocess sampling (4 chains in 4 jobs)
CompoundStep
>NUTS: [mu, hyper_mu_mu, hyper_mu_sd]
>Metropolis: [y_pred]
There were 27 divergences after tuning. Increase `target_accept` or reparameterize.
There were 39 divergences after tuning. Increase `target_accept` or reparameterize.
There were 23 divergences after tuning. Increase `target_accept` or reparameterize.
There were 20 divergences after tuning. Increase `target_accept` or reparameterize.
The number of effective samples is smaller than 25% for some parameters.
Multiprocess sampling (4 chains in 4 jobs)
CompoundStep
>NUTS: [mu, hyper_mu_mu, hyper_mu_sd]
>Metropolis: [y_pred]
There were 27 divergences after tuning. Increase `target_accept` or reparameterize.
There were 225 divergences after tuning. Increase `target_accept` or reparameterize.
The acceptance probability does not match the target. It is 0.6658533745505353, but should be close to 0.8. Try to increase the number of tuning steps.
There were 5 divergences after tuning. Increase `target_accept` or reparameterize.
There were 10 divergences after tuning. Increase `target_accept` or reparameterize.
The number of effective samples is smaller than 25% for some parameters.
Multiprocess sampling (4 chains in 4 jobs)
CompoundStep
>NUTS: [mu, hyper_mu_mu, hyper_mu_sd]
>Metropolis: [y_pred]
There were 12 divergences after tuning. Increase `target_accept` or reparameterize.
There were 27 divergences after tuning. Increase `target_accept` or reparameterize.
There were 15 divergences after tuning. Increase `target_accept` or reparameterize.
There were 11 divergences after tuning. Increase `target_accept` or reparameterize.
The number of effective samples is smaller than 25% for some parameters.
Multiprocess sampling (4 chains in 4 jobs)
CompoundStep
>NUTS: [mu, hyper_mu_mu, hyper_mu_sd]
>Metropolis: [y_pred]
There were 7435 divergences after tuning. Increase `target_accept` or reparameterize.
The acceptance probability does not match the target. It is 0.641205622726211, but should be close to 0.8. Try to increase the number of tuning steps.
There were 3404 divergences after tuning. Increase `target_accept` or reparameterize.
There were 113 divergences after tuning. Increase `target_accept` or reparameterize.
The acceptance probability does not match the target. It is 0.9121187678105241, but should be close to 0.8. Try to increase the number of tuning steps.
There were 6779 divergences after tuning. Increase `target_accept` or reparameterize.
The acceptance probability does not match the target. It is 0.5945760617957346, but should be close to 0.8. Try to increase the number of tuning steps.
The number of effective samples is smaller than 10% for some parameters.
Multiprocess sampling (4 chains in 4 jobs)
CompoundStep
>NUTS: [mu, hyper_mu_mu, hyper_mu_sd]
>Metropolis: [y_pred]
There were 17 divergences after tuning. Increase `target_accept` or reparameterize.
There were 17 divergences after tuning. Increase `target_accept` or reparameterize.
There were 36 divergences after tuning. Increase `target_accept` or reparameterize.
There were 19 divergences after tuning. Increase `target_accept` or reparameterize.
The number of effective samples is smaller than 25% for some parameters.
Multiprocess sampling (4 chains in 4 jobs)
CompoundStep
>NUTS: [mu, hyper_mu_mu, hyper_mu_sd]
>Metropolis: [y_pred]
There were 190 divergences after tuning. Increase `target_accept` or reparameterize.
There were 118 divergences after tuning. Increase `target_accept` or reparameterize.
There were 297 divergences after tuning. Increase `target_accept` or reparameterize.
There were 104 divergences after tuning. Increase `target_accept` or reparameterize.
The number of effective samples is smaller than 25% for some parameters.
Multiprocess sampling (4 chains in 4 jobs)
CompoundStep
>NUTS: [mu, hyper_mu_mu, hyper_mu_sd]
>Metropolis: [y_pred]
There were 727 divergences after tuning. Increase `target_accept` or reparameterize.
The acceptance probability does not match the target. It is 0.7204692035306719, but should be close to 0.8. Try to increase the number of tuning steps.
There were 531 divergences after tuning. Increase `target_accept` or reparameterize.
There were 408 divergences after tuning. Increase `target_accept` or reparameterize.
There were 507 divergences after tuning. Increase `target_accept` or reparameterize.
The number of effective samples is smaller than 25% for some parameters.
Multiprocess sampling (4 chains in 4 jobs)
CompoundStep
>NUTS: [mu, hyper_mu_mu, hyper_mu_sd]
>Metropolis: [y_pred]
There were 419 divergences after tuning. Increase `target_accept` or reparameterize.
There were 550 divergences after tuning. Increase `target_accept` or reparameterize.
There were 791 divergences after tuning. Increase `target_accept` or reparameterize.
There were 505 divergences after tuning. Increase `target_accept` or reparameterize.
The number of effective samples is smaller than 10% for some parameters.
Multiprocess sampling (4 chains in 4 jobs)
CompoundStep
>NUTS: [mu, hyper_mu_mu, hyper_mu_sd]
>Metropolis: [y_pred]
There were 479 divergences after tuning. Increase `target_accept` or reparameterize.
There were 366 divergences after tuning. Increase `target_accept` or reparameterize.
There were 686 divergences after tuning. Increase `target_accept` or reparameterize.
There were 482 divergences after tuning. Increase `target_accept` or reparameterize.
The number of effective samples is smaller than 25% for some parameters.
Multiprocess sampling (4 chains in 4 jobs)
CompoundStep
>NUTS: [mu, hyper_mu_mu, hyper_mu_sd]
>Metropolis: [y_pred]
There were 459 divergences after tuning. Increase `target_accept` or reparameterize.
There were 468 divergences after tuning. Increase `target_accept` or reparameterize.
There were 340 divergences after tuning. Increase `target_accept` or reparameterize.
There were 472 divergences after tuning. Increase `target_accept` or reparameterize.
The number of effective samples is smaller than 25% for some parameters.
Multiprocess sampling (4 chains in 4 jobs)
CompoundStep
>NUTS: [mu, hyper_mu_mu, hyper_mu_sd]
>Metropolis: [y_pred]
There were 329 divergences after tuning. Increase `target_accept` or reparameterize.
There were 308 divergences after tuning. Increase `target_accept` or reparameterize.
There were 507 divergences after tuning. Increase `target_accept` or reparameterize.
There were 374 divergences after tuning. Increase `target_accept` or reparameterize.
The number of effective samples is smaller than 25% for some parameters.
Multiprocess sampling (4 chains in 4 jobs)
CompoundStep
>NUTS: [mu, hyper_mu_mu, hyper_mu_sd]
>Metropolis: [y_pred]
There were 467 divergences after tuning. Increase `target_accept` or reparameterize.
There were 357 divergences after tuning. Increase `target_accept` or reparameterize.
There were 551 divergences after tuning. Increase `target_accept` or reparameterize.
There were 521 divergences after tuning. Increase `target_accept` or reparameterize.
The number of effective samples is smaller than 25% for some parameters.
Multiprocess sampling (4 chains in 4 jobs)
CompoundStep
>NUTS: [mu, hyper_mu_mu, hyper_mu_sd]
>Metropolis: [y_pred]
There were 358 divergences after tuning. Increase `target_accept` or reparameterize.
There were 909 divergences after tuning. Increase `target_accept` or reparameterize.
There were 327 divergences after tuning. Increase `target_accept` or reparameterize.
There were 701 divergences after tuning. Increase `target_accept` or reparameterize.
The number of effective samples is smaller than 10% for some parameters.
Multiprocess sampling (4 chains in 4 jobs)
CompoundStep
>NUTS: [mu, hyper_mu_mu, hyper_mu_sd]
>Metropolis: [y_pred]
There were 459 divergences after tuning. Increase `target_accept` or reparameterize.
There were 562 divergences after tuning. Increase `target_accept` or reparameterize.
There were 405 divergences after tuning. Increase `target_accept` or reparameterize.
There were 528 divergences after tuning. Increase `target_accept` or reparameterize.
The number of effective samples is smaller than 25% for some parameters.
Multiprocess sampling (4 chains in 4 jobs)
CompoundStep
>NUTS: [mu, hyper_mu_mu, hyper_mu_sd]
>Metropolis: [y_pred]
There were 575 divergences after tuning. Increase `target_accept` or reparameterize.
There were 669 divergences after tuning. Increase `target_accept` or reparameterize.
There were 456 divergences after tuning. Increase `target_accept` or reparameterize.
There were 594 divergences after tuning. Increase `target_accept` or reparameterize.
The number of effective samples is smaller than 25% for some parameters.
Multiprocess sampling (4 chains in 4 jobs)
CompoundStep
>NUTS: [mu, hyper_mu_mu, hyper_mu_sd]
>Metropolis: [y_pred]
There were 539 divergences after tuning. Increase `target_accept` or reparameterize.
There were 575 divergences after tuning. Increase `target_accept` or reparameterize.
There were 462 divergences after tuning. Increase `target_accept` or reparameterize.
There were 385 divergences after tuning. Increase `target_accept` or reparameterize.
The number of effective samples is smaller than 25% for some parameters.
Multiprocess sampling (4 chains in 4 jobs)
CompoundStep
>NUTS: [mu, hyper_mu_mu, hyper_mu_sd]
>Metropolis: [y_pred]
There were 584 divergences after tuning. Increase `target_accept` or reparameterize.
The acceptance probability does not match the target. It is 0.7202102115028749, but should be close to 0.8. Try to increase the number of tuning steps.
There were 514 divergences after tuning. Increase `target_accept` or reparameterize.
There were 404 divergences after tuning. Increase `target_accept` or reparameterize.
There were 394 divergences after tuning. Increase `target_accept` or reparameterize.
The number of effective samples is smaller than 25% for some parameters.
Multiprocess sampling (4 chains in 4 jobs)
CompoundStep
>NUTS: [mu, hyper_mu_mu, hyper_mu_sd]
>Metropolis: [y_pred]
There were 363 divergences after tuning. Increase `target_accept` or reparameterize.
There were 410 divergences after tuning. Increase `target_accept` or reparameterize.
There were 357 divergences after tuning. Increase `target_accept` or reparameterize.
There were 350 divergences after tuning. Increase `target_accept` or reparameterize.
The number of effective samples is smaller than 10% for some parameters.
Multiprocess sampling (4 chains in 4 jobs)
CompoundStep
>NUTS: [mu, hyper_mu_mu, hyper_mu_sd]
>Metropolis: [y_pred]
There were 355 divergences after tuning. Increase `target_accept` or reparameterize.
There were 396 divergences after tuning. Increase `target_accept` or reparameterize.
There were 432 divergences after tuning. Increase `target_accept` or reparameterize.
There were 406 divergences after tuning. Increase `target_accept` or reparameterize.
The number of effective samples is smaller than 25% for some parameters.
Multiprocess sampling (4 chains in 4 jobs)
CompoundStep
>NUTS: [mu, hyper_mu_mu, hyper_mu_sd]
>Metropolis: [y_pred]
There were 450 divergences after tuning. Increase `target_accept` or reparameterize.
There were 294 divergences after tuning. Increase `target_accept` or reparameterize.
There were 299 divergences after tuning. Increase `target_accept` or reparameterize.
There were 352 divergences after tuning. Increase `target_accept` or reparameterize.
The number of effective samples is smaller than 25% for some parameters.
Multiprocess sampling (4 chains in 4 jobs)
CompoundStep
>NUTS: [mu, hyper_mu_mu, hyper_mu_sd]
>Metropolis: [y_pred]
There were 155 divergences after tuning. Increase `target_accept` or reparameterize.
There were 190 divergences after tuning. Increase `target_accept` or reparameterize.
There were 261 divergences after tuning. Increase `target_accept` or reparameterize.
There were 151 divergences after tuning. Increase `target_accept` or reparameterize.
The number of effective samples is smaller than 25% for some parameters.
Multiprocess sampling (4 chains in 4 jobs)
CompoundStep
>NUTS: [mu, hyper_mu_mu, hyper_mu_sd]
>Metropolis: [y_pred]
There were 107 divergences after tuning. Increase `target_accept` or reparameterize.
There were 82 divergences after tuning. Increase `target_accept` or reparameterize.
There were 143 divergences after tuning. Increase `target_accept` or reparameterize.
There were 150 divergences after tuning. Increase `target_accept` or reparameterize.
The number of effective samples is smaller than 25% for some parameters.
Multiprocess sampling (4 chains in 4 jobs)
CompoundStep
>NUTS: [mu, hyper_mu_mu, hyper_mu_sd]
>Metropolis: [y_pred]
There were 110 divergences after tuning. Increase `target_accept` or reparameterize.
There were 200 divergences after tuning. Increase `target_accept` or reparameterize.
There were 185 divergences after tuning. Increase `target_accept` or reparameterize.
There were 150 divergences after tuning. Increase `target_accept` or reparameterize.
The number of effective samples is smaller than 25% for some parameters.
Multiprocess sampling (4 chains in 4 jobs)
CompoundStep
>NUTS: [mu, hyper_mu_mu, hyper_mu_sd]
>Metropolis: [y_pred]
There were 246 divergences after tuning. Increase `target_accept` or reparameterize.
There were 163 divergences after tuning. Increase `target_accept` or reparameterize.
There were 166 divergences after tuning. Increase `target_accept` or reparameterize.
There were 104 divergences after tuning. Increase `target_accept` or reparameterize.
The number of effective samples is smaller than 25% for some parameters.
