/uufs/chpc.utah.edu/common/home/u1141243/.bashrc: line 65: bind: warning: line editing not enabled
[?1034h/uufs/chpc.utah.edu/common/home/u1141243/.bashrc: line 66: bind: warning: line editing not enabled
Multiprocess sampling (4 chains in 4 jobs)
CompoundStep
>NUTS: [mu, alpha, hyper_mu_mu, hyper_mu_sd, hyper_alpha_mu, hyper_alpha_sd]
>Metropolis: [y_pred]
There were 1170 divergences after tuning. Increase `target_accept` or reparameterize.
There were 895 divergences after tuning. Increase `target_accept` or reparameterize.
There were 1125 divergences after tuning. Increase `target_accept` or reparameterize.
There were 1585 divergences after tuning. Increase `target_accept` or reparameterize.
The acceptance probability does not match the target. It is 0.822102443129261, but should be close to 0.9. Try to increase the number of tuning steps.
The number of effective samples is smaller than 10% for some parameters.
/uufs/chpc.utah.edu/common/home/u1141243/software/pkg/miniconda3/lib/python3.7/site-packages/pymc3/stats.py:991: FutureWarning: The join_axes-keyword is deprecated. Use .reindex or .reindex_like on the result to achieve the same functionality.
  axis=1, join_axes=[dforg.index])
Multiprocess sampling (4 chains in 4 jobs)
CompoundStep
>NUTS: [mu, alpha, hyper_mu_mu, hyper_mu_sd, hyper_alpha_mu, hyper_alpha_sd]
>Metropolis: [y_pred]
There were 1340 divergences after tuning. Increase `target_accept` or reparameterize.
The acceptance probability does not match the target. It is 0.8138744064524237, but should be close to 0.9. Try to increase the number of tuning steps.
There were 827 divergences after tuning. Increase `target_accept` or reparameterize.
There were 1200 divergences after tuning. Increase `target_accept` or reparameterize.
There were 809 divergences after tuning. Increase `target_accept` or reparameterize.
The number of effective samples is smaller than 10% for some parameters.
/uufs/chpc.utah.edu/common/home/u1141243/software/pkg/miniconda3/lib/python3.7/site-packages/pymc3/stats.py:991: FutureWarning: The join_axes-keyword is deprecated. Use .reindex or .reindex_like on the result to achieve the same functionality.
  axis=1, join_axes=[dforg.index])
Multiprocess sampling (4 chains in 4 jobs)
CompoundStep
>NUTS: [mu, alpha, hyper_mu_mu, hyper_mu_sd, hyper_alpha_mu, hyper_alpha_sd]
>Metropolis: [y_pred]
There were 880 divergences after tuning. Increase `target_accept` or reparameterize.
There were 1153 divergences after tuning. Increase `target_accept` or reparameterize.
There were 963 divergences after tuning. Increase `target_accept` or reparameterize.
There were 1045 divergences after tuning. Increase `target_accept` or reparameterize.
The number of effective samples is smaller than 10% for some parameters.
/uufs/chpc.utah.edu/common/home/u1141243/software/pkg/miniconda3/lib/python3.7/site-packages/pymc3/stats.py:991: FutureWarning: The join_axes-keyword is deprecated. Use .reindex or .reindex_like on the result to achieve the same functionality.
  axis=1, join_axes=[dforg.index])
Multiprocess sampling (4 chains in 4 jobs)
CompoundStep
>NUTS: [mu, alpha, hyper_mu_mu, hyper_mu_sd, hyper_alpha_mu, hyper_alpha_sd]
>Metropolis: [y_pred]
There were 1277 divergences after tuning. Increase `target_accept` or reparameterize.
The acceptance probability does not match the target. It is 0.8295255053615941, but should be close to 0.9. Try to increase the number of tuning steps.
There were 1014 divergences after tuning. Increase `target_accept` or reparameterize.
There were 1235 divergences after tuning. Increase `target_accept` or reparameterize.
The acceptance probability does not match the target. It is 0.8338240209232359, but should be close to 0.9. Try to increase the number of tuning steps.
There were 969 divergences after tuning. Increase `target_accept` or reparameterize.
The estimated number of effective samples is smaller than 200 for some parameters.
/uufs/chpc.utah.edu/common/home/u1141243/software/pkg/miniconda3/lib/python3.7/site-packages/pymc3/stats.py:991: FutureWarning: The join_axes-keyword is deprecated. Use .reindex or .reindex_like on the result to achieve the same functionality.
  axis=1, join_axes=[dforg.index])
Multiprocess sampling (4 chains in 4 jobs)
CompoundStep
>NUTS: [mu, alpha, hyper_mu_mu, hyper_mu_sd, hyper_alpha_mu, hyper_alpha_sd]
>Metropolis: [y_pred]
There were 1323 divergences after tuning. Increase `target_accept` or reparameterize.
There were 1106 divergences after tuning. Increase `target_accept` or reparameterize.
There were 923 divergences after tuning. Increase `target_accept` or reparameterize.
There were 930 divergences after tuning. Increase `target_accept` or reparameterize.
The number of effective samples is smaller than 10% for some parameters.
/uufs/chpc.utah.edu/common/home/u1141243/software/pkg/miniconda3/lib/python3.7/site-packages/pymc3/stats.py:991: FutureWarning: The join_axes-keyword is deprecated. Use .reindex or .reindex_like on the result to achieve the same functionality.
  axis=1, join_axes=[dforg.index])
Multiprocess sampling (4 chains in 4 jobs)
CompoundStep
>NUTS: [mu, alpha, hyper_mu_mu, hyper_mu_sd, hyper_alpha_mu, hyper_alpha_sd]
>Metropolis: [y_pred]
There were 735 divergences after tuning. Increase `target_accept` or reparameterize.
There were 467 divergences after tuning. Increase `target_accept` or reparameterize.
There were 763 divergences after tuning. Increase `target_accept` or reparameterize.
There were 527 divergences after tuning. Increase `target_accept` or reparameterize.
The number of effective samples is smaller than 25% for some parameters.
/uufs/chpc.utah.edu/common/home/u1141243/software/pkg/miniconda3/lib/python3.7/site-packages/pymc3/stats.py:991: FutureWarning: The join_axes-keyword is deprecated. Use .reindex or .reindex_like on the result to achieve the same functionality.
  axis=1, join_axes=[dforg.index])
Multiprocess sampling (4 chains in 4 jobs)
CompoundStep
>NUTS: [mu, alpha, hyper_mu_mu, hyper_mu_sd, hyper_alpha_mu, hyper_alpha_sd]
>Metropolis: [y_pred]
There were 404 divergences after tuning. Increase `target_accept` or reparameterize.
There were 410 divergences after tuning. Increase `target_accept` or reparameterize.
There were 374 divergences after tuning. Increase `target_accept` or reparameterize.
There were 325 divergences after tuning. Increase `target_accept` or reparameterize.
The number of effective samples is smaller than 25% for some parameters.
/uufs/chpc.utah.edu/common/home/u1141243/software/pkg/miniconda3/lib/python3.7/site-packages/pymc3/stats.py:991: FutureWarning: The join_axes-keyword is deprecated. Use .reindex or .reindex_like on the result to achieve the same functionality.
  axis=1, join_axes=[dforg.index])
Multiprocess sampling (4 chains in 4 jobs)
CompoundStep
>NUTS: [mu, alpha, hyper_mu_mu, hyper_mu_sd, hyper_alpha_mu, hyper_alpha_sd]
>Metropolis: [y_pred]
There were 685 divergences after tuning. Increase `target_accept` or reparameterize.
The acceptance probability does not match the target. It is 0.8325888092456214, but should be close to 0.9. Try to increase the number of tuning steps.
There were 361 divergences after tuning. Increase `target_accept` or reparameterize.
There were 500 divergences after tuning. Increase `target_accept` or reparameterize.
There were 451 divergences after tuning. Increase `target_accept` or reparameterize.
The number of effective samples is smaller than 25% for some parameters.
/uufs/chpc.utah.edu/common/home/u1141243/software/pkg/miniconda3/lib/python3.7/site-packages/pymc3/stats.py:991: FutureWarning: The join_axes-keyword is deprecated. Use .reindex or .reindex_like on the result to achieve the same functionality.
  axis=1, join_axes=[dforg.index])
Multiprocess sampling (4 chains in 4 jobs)
CompoundStep
>NUTS: [mu, alpha, hyper_mu_mu, hyper_mu_sd, hyper_alpha_mu, hyper_alpha_sd]
>Metropolis: [y_pred]
There were 253 divergences after tuning. Increase `target_accept` or reparameterize.
There were 395 divergences after tuning. Increase `target_accept` or reparameterize.
There were 207 divergences after tuning. Increase `target_accept` or reparameterize.
There were 313 divergences after tuning. Increase `target_accept` or reparameterize.
The number of effective samples is smaller than 25% for some parameters.
/uufs/chpc.utah.edu/common/home/u1141243/software/pkg/miniconda3/lib/python3.7/site-packages/pymc3/stats.py:991: FutureWarning: The join_axes-keyword is deprecated. Use .reindex or .reindex_like on the result to achieve the same functionality.
  axis=1, join_axes=[dforg.index])
Multiprocess sampling (4 chains in 4 jobs)
CompoundStep
>NUTS: [mu, alpha, hyper_mu_mu, hyper_mu_sd, hyper_alpha_mu, hyper_alpha_sd]
>Metropolis: [y_pred]
There were 313 divergences after tuning. Increase `target_accept` or reparameterize.
There were 216 divergences after tuning. Increase `target_accept` or reparameterize.
There were 256 divergences after tuning. Increase `target_accept` or reparameterize.
There were 397 divergences after tuning. Increase `target_accept` or reparameterize.
The number of effective samples is smaller than 25% for some parameters.
/uufs/chpc.utah.edu/common/home/u1141243/software/pkg/miniconda3/lib/python3.7/site-packages/pymc3/stats.py:991: FutureWarning: The join_axes-keyword is deprecated. Use .reindex or .reindex_like on the result to achieve the same functionality.
  axis=1, join_axes=[dforg.index])
Multiprocess sampling (4 chains in 4 jobs)
CompoundStep
>NUTS: [mu, alpha, hyper_mu_mu, hyper_mu_sd, hyper_alpha_mu, hyper_alpha_sd]
>Metropolis: [y_pred]
There were 317 divergences after tuning. Increase `target_accept` or reparameterize.
There were 199 divergences after tuning. Increase `target_accept` or reparameterize.
There were 284 divergences after tuning. Increase `target_accept` or reparameterize.
There were 285 divergences after tuning. Increase `target_accept` or reparameterize.
The number of effective samples is smaller than 25% for some parameters.
/uufs/chpc.utah.edu/common/home/u1141243/software/pkg/miniconda3/lib/python3.7/site-packages/pymc3/stats.py:991: FutureWarning: The join_axes-keyword is deprecated. Use .reindex or .reindex_like on the result to achieve the same functionality.
  axis=1, join_axes=[dforg.index])
Multiprocess sampling (4 chains in 4 jobs)
CompoundStep
>NUTS: [mu, alpha, hyper_mu_mu, hyper_mu_sd, hyper_alpha_mu, hyper_alpha_sd]
>Metropolis: [y_pred]
There were 370 divergences after tuning. Increase `target_accept` or reparameterize.
There were 362 divergences after tuning. Increase `target_accept` or reparameterize.
There were 317 divergences after tuning. Increase `target_accept` or reparameterize.
There were 273 divergences after tuning. Increase `target_accept` or reparameterize.
The number of effective samples is smaller than 25% for some parameters.
/uufs/chpc.utah.edu/common/home/u1141243/software/pkg/miniconda3/lib/python3.7/site-packages/pymc3/stats.py:991: FutureWarning: The join_axes-keyword is deprecated. Use .reindex or .reindex_like on the result to achieve the same functionality.
  axis=1, join_axes=[dforg.index])
Multiprocess sampling (4 chains in 4 jobs)
CompoundStep
>NUTS: [mu, alpha, hyper_mu_mu, hyper_mu_sd, hyper_alpha_mu, hyper_alpha_sd]
>Metropolis: [y_pred]
There were 325 divergences after tuning. Increase `target_accept` or reparameterize.
There were 155 divergences after tuning. Increase `target_accept` or reparameterize.
There were 223 divergences after tuning. Increase `target_accept` or reparameterize.
There were 199 divergences after tuning. Increase `target_accept` or reparameterize.
The number of effective samples is smaller than 25% for some parameters.
/uufs/chpc.utah.edu/common/home/u1141243/software/pkg/miniconda3/lib/python3.7/site-packages/pymc3/stats.py:991: FutureWarning: The join_axes-keyword is deprecated. Use .reindex or .reindex_like on the result to achieve the same functionality.
  axis=1, join_axes=[dforg.index])
Multiprocess sampling (4 chains in 4 jobs)
CompoundStep
>NUTS: [mu, alpha, hyper_mu_mu, hyper_mu_sd, hyper_alpha_mu, hyper_alpha_sd]
>Metropolis: [y_pred]
There were 250 divergences after tuning. Increase `target_accept` or reparameterize.
There were 411 divergences after tuning. Increase `target_accept` or reparameterize.
There were 282 divergences after tuning. Increase `target_accept` or reparameterize.
There were 431 divergences after tuning. Increase `target_accept` or reparameterize.
The number of effective samples is smaller than 25% for some parameters.
/uufs/chpc.utah.edu/common/home/u1141243/software/pkg/miniconda3/lib/python3.7/site-packages/pymc3/stats.py:991: FutureWarning: The join_axes-keyword is deprecated. Use .reindex or .reindex_like on the result to achieve the same functionality.
  axis=1, join_axes=[dforg.index])
Multiprocess sampling (4 chains in 4 jobs)
CompoundStep
>NUTS: [mu, alpha, hyper_mu_mu, hyper_mu_sd, hyper_alpha_mu, hyper_alpha_sd]
>Metropolis: [y_pred]
There were 381 divergences after tuning. Increase `target_accept` or reparameterize.
There were 279 divergences after tuning. Increase `target_accept` or reparameterize.
There were 294 divergences after tuning. Increase `target_accept` or reparameterize.
There were 2223 divergences after tuning. Increase `target_accept` or reparameterize.
The acceptance probability does not match the target. It is 0.718889160889923, but should be close to 0.9. Try to increase the number of tuning steps.
The estimated number of effective samples is smaller than 200 for some parameters.
/uufs/chpc.utah.edu/common/home/u1141243/software/pkg/miniconda3/lib/python3.7/site-packages/pymc3/stats.py:991: FutureWarning: The join_axes-keyword is deprecated. Use .reindex or .reindex_like on the result to achieve the same functionality.
  axis=1, join_axes=[dforg.index])
Multiprocess sampling (4 chains in 4 jobs)
CompoundStep
>NUTS: [mu, alpha, hyper_mu_mu, hyper_mu_sd, hyper_alpha_mu, hyper_alpha_sd]
>Metropolis: [y_pred]
There were 569 divergences after tuning. Increase `target_accept` or reparameterize.
There were 426 divergences after tuning. Increase `target_accept` or reparameterize.
There were 394 divergences after tuning. Increase `target_accept` or reparameterize.
There were 333 divergences after tuning. Increase `target_accept` or reparameterize.
The number of effective samples is smaller than 10% for some parameters.
/uufs/chpc.utah.edu/common/home/u1141243/software/pkg/miniconda3/lib/python3.7/site-packages/pymc3/stats.py:991: FutureWarning: The join_axes-keyword is deprecated. Use .reindex or .reindex_like on the result to achieve the same functionality.
  axis=1, join_axes=[dforg.index])
Multiprocess sampling (4 chains in 4 jobs)
CompoundStep
>NUTS: [mu, alpha, hyper_mu_mu, hyper_mu_sd, hyper_alpha_mu, hyper_alpha_sd]
>Metropolis: [y_pred]
There were 366 divergences after tuning. Increase `target_accept` or reparameterize.
There were 401 divergences after tuning. Increase `target_accept` or reparameterize.
There were 395 divergences after tuning. Increase `target_accept` or reparameterize.
There were 669 divergences after tuning. Increase `target_accept` or reparameterize.
The number of effective samples is smaller than 25% for some parameters.
/uufs/chpc.utah.edu/common/home/u1141243/software/pkg/miniconda3/lib/python3.7/site-packages/pymc3/stats.py:991: FutureWarning: The join_axes-keyword is deprecated. Use .reindex or .reindex_like on the result to achieve the same functionality.
  axis=1, join_axes=[dforg.index])
Multiprocess sampling (4 chains in 4 jobs)
CompoundStep
>NUTS: [mu, alpha, hyper_mu_mu, hyper_mu_sd, hyper_alpha_mu, hyper_alpha_sd]
>Metropolis: [y_pred]
There were 290 divergences after tuning. Increase `target_accept` or reparameterize.
There were 423 divergences after tuning. Increase `target_accept` or reparameterize.
There were 320 divergences after tuning. Increase `target_accept` or reparameterize.
There were 409 divergences after tuning. Increase `target_accept` or reparameterize.
The number of effective samples is smaller than 25% for some parameters.
/uufs/chpc.utah.edu/common/home/u1141243/software/pkg/miniconda3/lib/python3.7/site-packages/pymc3/stats.py:991: FutureWarning: The join_axes-keyword is deprecated. Use .reindex or .reindex_like on the result to achieve the same functionality.
  axis=1, join_axes=[dforg.index])
Multiprocess sampling (4 chains in 4 jobs)
CompoundStep
>NUTS: [mu, alpha, hyper_mu_mu, hyper_mu_sd, hyper_alpha_mu, hyper_alpha_sd]
>Metropolis: [y_pred]
There were 473 divergences after tuning. Increase `target_accept` or reparameterize.
There were 437 divergences after tuning. Increase `target_accept` or reparameterize.
There were 375 divergences after tuning. Increase `target_accept` or reparameterize.
There were 384 divergences after tuning. Increase `target_accept` or reparameterize.
The number of effective samples is smaller than 25% for some parameters.
/uufs/chpc.utah.edu/common/home/u1141243/software/pkg/miniconda3/lib/python3.7/site-packages/pymc3/stats.py:991: FutureWarning: The join_axes-keyword is deprecated. Use .reindex or .reindex_like on the result to achieve the same functionality.
  axis=1, join_axes=[dforg.index])
Multiprocess sampling (4 chains in 4 jobs)
CompoundStep
>NUTS: [mu, alpha, hyper_mu_mu, hyper_mu_sd, hyper_alpha_mu, hyper_alpha_sd]
>Metropolis: [y_pred]
There were 1145 divergences after tuning. Increase `target_accept` or reparameterize.
The acceptance probability does not match the target. It is 0.8216880411702894, but should be close to 0.9. Try to increase the number of tuning steps.
There were 414 divergences after tuning. Increase `target_accept` or reparameterize.
There were 439 divergences after tuning. Increase `target_accept` or reparameterize.
There were 382 divergences after tuning. Increase `target_accept` or reparameterize.
The number of effective samples is smaller than 10% for some parameters.
/uufs/chpc.utah.edu/common/home/u1141243/software/pkg/miniconda3/lib/python3.7/site-packages/pymc3/stats.py:991: FutureWarning: The join_axes-keyword is deprecated. Use .reindex or .reindex_like on the result to achieve the same functionality.
  axis=1, join_axes=[dforg.index])
Multiprocess sampling (4 chains in 4 jobs)
CompoundStep
>NUTS: [mu, alpha, hyper_mu_mu, hyper_mu_sd, hyper_alpha_mu, hyper_alpha_sd]
>Metropolis: [y_pred]
There were 1303 divergences after tuning. Increase `target_accept` or reparameterize.
The acceptance probability does not match the target. It is 0.8019965761853657, but should be close to 0.9. Try to increase the number of tuning steps.
There were 636 divergences after tuning. Increase `target_accept` or reparameterize.
There were 813 divergences after tuning. Increase `target_accept` or reparameterize.
There were 555 divergences after tuning. Increase `target_accept` or reparameterize.
The number of effective samples is smaller than 10% for some parameters.
/uufs/chpc.utah.edu/common/home/u1141243/software/pkg/miniconda3/lib/python3.7/site-packages/arviz/plots/traceplot.py:185: RuntimeWarning: More than 20 figures have been opened. Figures created through the pyplot interface (`matplotlib.pyplot.figure`) are retained until explicitly closed and may consume too much memory. (To control this warning, see the rcParam `figure.max_open_warning`).
  len(plotters), 2, squeeze=False, figsize=figsize, constrained_layout=True
/uufs/chpc.utah.edu/common/home/u1141243/software/pkg/miniconda3/lib/python3.7/site-packages/pymc3/stats.py:991: FutureWarning: The join_axes-keyword is deprecated. Use .reindex or .reindex_like on the result to achieve the same functionality.
  axis=1, join_axes=[dforg.index])
Multiprocess sampling (4 chains in 4 jobs)
CompoundStep
>NUTS: [mu, alpha, hyper_mu_mu, hyper_mu_sd, hyper_alpha_mu, hyper_alpha_sd]
>Metropolis: [y_pred]
There were 864 divergences after tuning. Increase `target_accept` or reparameterize.
There were 933 divergences after tuning. Increase `target_accept` or reparameterize.
There were 650 divergences after tuning. Increase `target_accept` or reparameterize.
There were 891 divergences after tuning. Increase `target_accept` or reparameterize.
The number of effective samples is smaller than 10% for some parameters.
/uufs/chpc.utah.edu/common/home/u1141243/software/pkg/miniconda3/lib/python3.7/site-packages/arviz/plots/traceplot.py:185: RuntimeWarning: More than 20 figures have been opened. Figures created through the pyplot interface (`matplotlib.pyplot.figure`) are retained until explicitly closed and may consume too much memory. (To control this warning, see the rcParam `figure.max_open_warning`).
  len(plotters), 2, squeeze=False, figsize=figsize, constrained_layout=True
/uufs/chpc.utah.edu/common/home/u1141243/software/pkg/miniconda3/lib/python3.7/site-packages/pymc3/stats.py:991: FutureWarning: The join_axes-keyword is deprecated. Use .reindex or .reindex_like on the result to achieve the same functionality.
  axis=1, join_axes=[dforg.index])
Multiprocess sampling (4 chains in 4 jobs)
CompoundStep
>NUTS: [mu, alpha, hyper_mu_mu, hyper_mu_sd, hyper_alpha_mu, hyper_alpha_sd]
>Metropolis: [y_pred]
There were 815 divergences after tuning. Increase `target_accept` or reparameterize.
There were 502 divergences after tuning. Increase `target_accept` or reparameterize.
There were 660 divergences after tuning. Increase `target_accept` or reparameterize.
There were 545 divergences after tuning. Increase `target_accept` or reparameterize.
The number of effective samples is smaller than 10% for some parameters.
/uufs/chpc.utah.edu/common/home/u1141243/software/pkg/miniconda3/lib/python3.7/site-packages/arviz/plots/traceplot.py:185: RuntimeWarning: More than 20 figures have been opened. Figures created through the pyplot interface (`matplotlib.pyplot.figure`) are retained until explicitly closed and may consume too much memory. (To control this warning, see the rcParam `figure.max_open_warning`).
  len(plotters), 2, squeeze=False, figsize=figsize, constrained_layout=True
/uufs/chpc.utah.edu/common/home/u1141243/software/pkg/miniconda3/lib/python3.7/site-packages/pymc3/stats.py:991: FutureWarning: The join_axes-keyword is deprecated. Use .reindex or .reindex_like on the result to achieve the same functionality.
  axis=1, join_axes=[dforg.index])
Multiprocess sampling (4 chains in 4 jobs)
CompoundStep
>NUTS: [mu, alpha, hyper_mu_mu, hyper_mu_sd, hyper_alpha_mu, hyper_alpha_sd]
>Metropolis: [y_pred]
There were 876 divergences after tuning. Increase `target_accept` or reparameterize.
There were 945 divergences after tuning. Increase `target_accept` or reparameterize.
The acceptance probability does not match the target. It is 0.8369222274179674, but should be close to 0.9. Try to increase the number of tuning steps.
There were 554 divergences after tuning. Increase `target_accept` or reparameterize.
There were 817 divergences after tuning. Increase `target_accept` or reparameterize.
The number of effective samples is smaller than 10% for some parameters.
/uufs/chpc.utah.edu/common/home/u1141243/software/pkg/miniconda3/lib/python3.7/site-packages/arviz/plots/traceplot.py:185: RuntimeWarning: More than 20 figures have been opened. Figures created through the pyplot interface (`matplotlib.pyplot.figure`) are retained until explicitly closed and may consume too much memory. (To control this warning, see the rcParam `figure.max_open_warning`).
  len(plotters), 2, squeeze=False, figsize=figsize, constrained_layout=True
/uufs/chpc.utah.edu/common/home/u1141243/software/pkg/miniconda3/lib/python3.7/site-packages/pymc3/stats.py:991: FutureWarning: The join_axes-keyword is deprecated. Use .reindex or .reindex_like on the result to achieve the same functionality.
  axis=1, join_axes=[dforg.index])
