/uufs/chpc.utah.edu/common/home/u1141243/.bashrc: line 65: bind: warning: line editing not enabled
[?1034h/uufs/chpc.utah.edu/common/home/u1141243/.bashrc: line 66: bind: warning: line editing not enabled
Multiprocess sampling (4 chains in 4 jobs)
CompoundStep
>NUTS: [mu, alpha, hyper_mu_mu, hyper_mu_sd, hyper_alpha_mu, hyper_alpha_sd]
>Metropolis: [y_pred]
There were 992 divergences after tuning. Increase `target_accept` or reparameterize.
There were 986 divergences after tuning. Increase `target_accept` or reparameterize.
There were 1210 divergences after tuning. Increase `target_accept` or reparameterize.
There were 1953 divergences after tuning. Increase `target_accept` or reparameterize.
The acceptance probability does not match the target. It is 0.7947179062440525, but should be close to 0.9. Try to increase the number of tuning steps.
The number of effective samples is smaller than 10% for some parameters.
/uufs/chpc.utah.edu/common/home/u1141243/software/pkg/miniconda3/lib/python3.7/site-packages/pymc3/stats.py:991: FutureWarning: The join_axes-keyword is deprecated. Use .reindex or .reindex_like on the result to achieve the same functionality.
  axis=1, join_axes=[dforg.index])
Multiprocess sampling (4 chains in 4 jobs)
CompoundStep
>NUTS: [mu, alpha, hyper_mu_mu, hyper_mu_sd, hyper_alpha_mu, hyper_alpha_sd]
>Metropolis: [y_pred]
There were 968 divergences after tuning. Increase `target_accept` or reparameterize.
There were 1515 divergences after tuning. Increase `target_accept` or reparameterize.
The acceptance probability does not match the target. It is 0.8153533693494353, but should be close to 0.9. Try to increase the number of tuning steps.
There were 1038 divergences after tuning. Increase `target_accept` or reparameterize.
There were 850 divergences after tuning. Increase `target_accept` or reparameterize.
The number of effective samples is smaller than 10% for some parameters.
/uufs/chpc.utah.edu/common/home/u1141243/software/pkg/miniconda3/lib/python3.7/site-packages/pymc3/stats.py:991: FutureWarning: The join_axes-keyword is deprecated. Use .reindex or .reindex_like on the result to achieve the same functionality.
  axis=1, join_axes=[dforg.index])
Multiprocess sampling (4 chains in 4 jobs)
CompoundStep
>NUTS: [mu, alpha, hyper_mu_mu, hyper_mu_sd, hyper_alpha_mu, hyper_alpha_sd]
>Metropolis: [y_pred]
There were 1000 divergences after tuning. Increase `target_accept` or reparameterize.
There were 1115 divergences after tuning. Increase `target_accept` or reparameterize.
There were 1548 divergences after tuning. Increase `target_accept` or reparameterize.
The acceptance probability does not match the target. It is 0.8029802844195356, but should be close to 0.9. Try to increase the number of tuning steps.
There were 1202 divergences after tuning. Increase `target_accept` or reparameterize.
The number of effective samples is smaller than 10% for some parameters.
/uufs/chpc.utah.edu/common/home/u1141243/software/pkg/miniconda3/lib/python3.7/site-packages/pymc3/stats.py:991: FutureWarning: The join_axes-keyword is deprecated. Use .reindex or .reindex_like on the result to achieve the same functionality.
  axis=1, join_axes=[dforg.index])
Multiprocess sampling (4 chains in 4 jobs)
CompoundStep
>NUTS: [mu, alpha, hyper_mu_mu, hyper_mu_sd, hyper_alpha_mu, hyper_alpha_sd]
>Metropolis: [y_pred]
There were 1077 divergences after tuning. Increase `target_accept` or reparameterize.
There were 983 divergences after tuning. Increase `target_accept` or reparameterize.
There were 803 divergences after tuning. Increase `target_accept` or reparameterize.
There were 914 divergences after tuning. Increase `target_accept` or reparameterize.
The number of effective samples is smaller than 10% for some parameters.
/uufs/chpc.utah.edu/common/home/u1141243/software/pkg/miniconda3/lib/python3.7/site-packages/pymc3/stats.py:991: FutureWarning: The join_axes-keyword is deprecated. Use .reindex or .reindex_like on the result to achieve the same functionality.
  axis=1, join_axes=[dforg.index])
Multiprocess sampling (4 chains in 4 jobs)
CompoundStep
>NUTS: [mu, alpha, hyper_mu_mu, hyper_mu_sd, hyper_alpha_mu, hyper_alpha_sd]
>Metropolis: [y_pred]
There were 1000 divergences after tuning. Increase `target_accept` or reparameterize.
There were 994 divergences after tuning. Increase `target_accept` or reparameterize.
There were 1036 divergences after tuning. Increase `target_accept` or reparameterize.
There were 964 divergences after tuning. Increase `target_accept` or reparameterize.
The number of effective samples is smaller than 10% for some parameters.
/uufs/chpc.utah.edu/common/home/u1141243/software/pkg/miniconda3/lib/python3.7/site-packages/pymc3/stats.py:991: FutureWarning: The join_axes-keyword is deprecated. Use .reindex or .reindex_like on the result to achieve the same functionality.
  axis=1, join_axes=[dforg.index])
Multiprocess sampling (4 chains in 4 jobs)
CompoundStep
>NUTS: [mu, alpha, hyper_mu_mu, hyper_mu_sd, hyper_alpha_mu, hyper_alpha_sd]
>Metropolis: [y_pred]
There were 420 divergences after tuning. Increase `target_accept` or reparameterize.
There were 665 divergences after tuning. Increase `target_accept` or reparameterize.
There were 440 divergences after tuning. Increase `target_accept` or reparameterize.
There were 530 divergences after tuning. Increase `target_accept` or reparameterize.
The number of effective samples is smaller than 25% for some parameters.
/uufs/chpc.utah.edu/common/home/u1141243/software/pkg/miniconda3/lib/python3.7/site-packages/pymc3/stats.py:991: FutureWarning: The join_axes-keyword is deprecated. Use .reindex or .reindex_like on the result to achieve the same functionality.
  axis=1, join_axes=[dforg.index])
Multiprocess sampling (4 chains in 4 jobs)
CompoundStep
>NUTS: [mu, alpha, hyper_mu_mu, hyper_mu_sd, hyper_alpha_mu, hyper_alpha_sd]
>Metropolis: [y_pred]
There were 306 divergences after tuning. Increase `target_accept` or reparameterize.
There were 503 divergences after tuning. Increase `target_accept` or reparameterize.
There were 325 divergences after tuning. Increase `target_accept` or reparameterize.
There were 458 divergences after tuning. Increase `target_accept` or reparameterize.
The number of effective samples is smaller than 25% for some parameters.
/uufs/chpc.utah.edu/common/home/u1141243/software/pkg/miniconda3/lib/python3.7/site-packages/pymc3/stats.py:991: FutureWarning: The join_axes-keyword is deprecated. Use .reindex or .reindex_like on the result to achieve the same functionality.
  axis=1, join_axes=[dforg.index])
Multiprocess sampling (4 chains in 4 jobs)
CompoundStep
>NUTS: [mu, alpha, hyper_mu_mu, hyper_mu_sd, hyper_alpha_mu, hyper_alpha_sd]
>Metropolis: [y_pred]
There were 447 divergences after tuning. Increase `target_accept` or reparameterize.
There were 245 divergences after tuning. Increase `target_accept` or reparameterize.
There were 446 divergences after tuning. Increase `target_accept` or reparameterize.
There were 326 divergences after tuning. Increase `target_accept` or reparameterize.
The number of effective samples is smaller than 25% for some parameters.
/uufs/chpc.utah.edu/common/home/u1141243/software/pkg/miniconda3/lib/python3.7/site-packages/pymc3/stats.py:991: FutureWarning: The join_axes-keyword is deprecated. Use .reindex or .reindex_like on the result to achieve the same functionality.
  axis=1, join_axes=[dforg.index])
Multiprocess sampling (4 chains in 4 jobs)
CompoundStep
>NUTS: [mu, alpha, hyper_mu_mu, hyper_mu_sd, hyper_alpha_mu, hyper_alpha_sd]
>Metropolis: [y_pred]
There were 262 divergences after tuning. Increase `target_accept` or reparameterize.
There were 297 divergences after tuning. Increase `target_accept` or reparameterize.
There were 187 divergences after tuning. Increase `target_accept` or reparameterize.
There were 195 divergences after tuning. Increase `target_accept` or reparameterize.
The number of effective samples is smaller than 25% for some parameters.
/uufs/chpc.utah.edu/common/home/u1141243/software/pkg/miniconda3/lib/python3.7/site-packages/pymc3/stats.py:991: FutureWarning: The join_axes-keyword is deprecated. Use .reindex or .reindex_like on the result to achieve the same functionality.
  axis=1, join_axes=[dforg.index])
Multiprocess sampling (4 chains in 4 jobs)
CompoundStep
>NUTS: [mu, alpha, hyper_mu_mu, hyper_mu_sd, hyper_alpha_mu, hyper_alpha_sd]
>Metropolis: [y_pred]
There were 399 divergences after tuning. Increase `target_accept` or reparameterize.
There were 686 divergences after tuning. Increase `target_accept` or reparameterize.
There were 746 divergences after tuning. Increase `target_accept` or reparameterize.
The acceptance probability does not match the target. It is 0.7994545835993326, but should be close to 0.9. Try to increase the number of tuning steps.
There were 256 divergences after tuning. Increase `target_accept` or reparameterize.
The number of effective samples is smaller than 25% for some parameters.
/uufs/chpc.utah.edu/common/home/u1141243/software/pkg/miniconda3/lib/python3.7/site-packages/pymc3/stats.py:991: FutureWarning: The join_axes-keyword is deprecated. Use .reindex or .reindex_like on the result to achieve the same functionality.
  axis=1, join_axes=[dforg.index])
Multiprocess sampling (4 chains in 4 jobs)
CompoundStep
>NUTS: [mu, alpha, hyper_mu_mu, hyper_mu_sd, hyper_alpha_mu, hyper_alpha_sd]
>Metropolis: [y_pred]
There were 476 divergences after tuning. Increase `target_accept` or reparameterize.
There were 343 divergences after tuning. Increase `target_accept` or reparameterize.
There were 1200 divergences after tuning. Increase `target_accept` or reparameterize.
The acceptance probability does not match the target. It is 0.812518927597504, but should be close to 0.9. Try to increase the number of tuning steps.
There were 384 divergences after tuning. Increase `target_accept` or reparameterize.
The number of effective samples is smaller than 25% for some parameters.
/uufs/chpc.utah.edu/common/home/u1141243/software/pkg/miniconda3/lib/python3.7/site-packages/pymc3/stats.py:991: FutureWarning: The join_axes-keyword is deprecated. Use .reindex or .reindex_like on the result to achieve the same functionality.
  axis=1, join_axes=[dforg.index])
Multiprocess sampling (4 chains in 4 jobs)
CompoundStep
>NUTS: [mu, alpha, hyper_mu_mu, hyper_mu_sd, hyper_alpha_mu, hyper_alpha_sd]
>Metropolis: [y_pred]
There were 265 divergences after tuning. Increase `target_accept` or reparameterize.
There were 369 divergences after tuning. Increase `target_accept` or reparameterize.
There were 262 divergences after tuning. Increase `target_accept` or reparameterize.
There were 243 divergences after tuning. Increase `target_accept` or reparameterize.
The number of effective samples is smaller than 25% for some parameters.
/uufs/chpc.utah.edu/common/home/u1141243/software/pkg/miniconda3/lib/python3.7/site-packages/pymc3/stats.py:991: FutureWarning: The join_axes-keyword is deprecated. Use .reindex or .reindex_like on the result to achieve the same functionality.
  axis=1, join_axes=[dforg.index])
Multiprocess sampling (4 chains in 4 jobs)
CompoundStep
>NUTS: [mu, alpha, hyper_mu_mu, hyper_mu_sd, hyper_alpha_mu, hyper_alpha_sd]
>Metropolis: [y_pred]
There were 948 divergences after tuning. Increase `target_accept` or reparameterize.
The acceptance probability does not match the target. It is 0.8119419710253446, but should be close to 0.9. Try to increase the number of tuning steps.
There were 342 divergences after tuning. Increase `target_accept` or reparameterize.
There were 616 divergences after tuning. Increase `target_accept` or reparameterize.
There were 314 divergences after tuning. Increase `target_accept` or reparameterize.
The number of effective samples is smaller than 10% for some parameters.
/uufs/chpc.utah.edu/common/home/u1141243/software/pkg/miniconda3/lib/python3.7/site-packages/pymc3/stats.py:991: FutureWarning: The join_axes-keyword is deprecated. Use .reindex or .reindex_like on the result to achieve the same functionality.
  axis=1, join_axes=[dforg.index])
Multiprocess sampling (4 chains in 4 jobs)
CompoundStep
>NUTS: [mu, alpha, hyper_mu_mu, hyper_mu_sd, hyper_alpha_mu, hyper_alpha_sd]
>Metropolis: [y_pred]
There were 348 divergences after tuning. Increase `target_accept` or reparameterize.
There were 318 divergences after tuning. Increase `target_accept` or reparameterize.
There were 365 divergences after tuning. Increase `target_accept` or reparameterize.
There were 331 divergences after tuning. Increase `target_accept` or reparameterize.
The number of effective samples is smaller than 25% for some parameters.
/uufs/chpc.utah.edu/common/home/u1141243/software/pkg/miniconda3/lib/python3.7/site-packages/pymc3/stats.py:991: FutureWarning: The join_axes-keyword is deprecated. Use .reindex or .reindex_like on the result to achieve the same functionality.
  axis=1, join_axes=[dforg.index])
Multiprocess sampling (4 chains in 4 jobs)
CompoundStep
>NUTS: [mu, alpha, hyper_mu_mu, hyper_mu_sd, hyper_alpha_mu, hyper_alpha_sd]
>Metropolis: [y_pred]
There were 273 divergences after tuning. Increase `target_accept` or reparameterize.
There were 296 divergences after tuning. Increase `target_accept` or reparameterize.
There were 311 divergences after tuning. Increase `target_accept` or reparameterize.
There were 305 divergences after tuning. Increase `target_accept` or reparameterize.
The number of effective samples is smaller than 25% for some parameters.
/uufs/chpc.utah.edu/common/home/u1141243/software/pkg/miniconda3/lib/python3.7/site-packages/pymc3/stats.py:991: FutureWarning: The join_axes-keyword is deprecated. Use .reindex or .reindex_like on the result to achieve the same functionality.
  axis=1, join_axes=[dforg.index])
Multiprocess sampling (4 chains in 4 jobs)
CompoundStep
>NUTS: [mu, alpha, hyper_mu_mu, hyper_mu_sd, hyper_alpha_mu, hyper_alpha_sd]
>Metropolis: [y_pred]
There were 313 divergences after tuning. Increase `target_accept` or reparameterize.
There were 1135 divergences after tuning. Increase `target_accept` or reparameterize.
The acceptance probability does not match the target. It is 0.7904400059843273, but should be close to 0.9. Try to increase the number of tuning steps.
There were 482 divergences after tuning. Increase `target_accept` or reparameterize.
There were 391 divergences after tuning. Increase `target_accept` or reparameterize.
The number of effective samples is smaller than 25% for some parameters.
/uufs/chpc.utah.edu/common/home/u1141243/software/pkg/miniconda3/lib/python3.7/site-packages/pymc3/stats.py:991: FutureWarning: The join_axes-keyword is deprecated. Use .reindex or .reindex_like on the result to achieve the same functionality.
  axis=1, join_axes=[dforg.index])
Multiprocess sampling (4 chains in 4 jobs)
CompoundStep
>NUTS: [mu, alpha, hyper_mu_mu, hyper_mu_sd, hyper_alpha_mu, hyper_alpha_sd]
>Metropolis: [y_pred]
There were 296 divergences after tuning. Increase `target_accept` or reparameterize.
There were 374 divergences after tuning. Increase `target_accept` or reparameterize.
There were 584 divergences after tuning. Increase `target_accept` or reparameterize.
There were 1064 divergences after tuning. Increase `target_accept` or reparameterize.
The acceptance probability does not match the target. It is 0.8200518423030912, but should be close to 0.9. Try to increase the number of tuning steps.
The number of effective samples is smaller than 10% for some parameters.
/uufs/chpc.utah.edu/common/home/u1141243/software/pkg/miniconda3/lib/python3.7/site-packages/pymc3/stats.py:991: FutureWarning: The join_axes-keyword is deprecated. Use .reindex or .reindex_like on the result to achieve the same functionality.
  axis=1, join_axes=[dforg.index])
Multiprocess sampling (4 chains in 4 jobs)
CompoundStep
>NUTS: [mu, alpha, hyper_mu_mu, hyper_mu_sd, hyper_alpha_mu, hyper_alpha_sd]
>Metropolis: [y_pred]
There were 507 divergences after tuning. Increase `target_accept` or reparameterize.
There were 294 divergences after tuning. Increase `target_accept` or reparameterize.
There were 1321 divergences after tuning. Increase `target_accept` or reparameterize.
The acceptance probability does not match the target. It is 0.8054318707383611, but should be close to 0.9. Try to increase the number of tuning steps.
There were 298 divergences after tuning. Increase `target_accept` or reparameterize.
The number of effective samples is smaller than 10% for some parameters.
/uufs/chpc.utah.edu/common/home/u1141243/software/pkg/miniconda3/lib/python3.7/site-packages/pymc3/stats.py:991: FutureWarning: The join_axes-keyword is deprecated. Use .reindex or .reindex_like on the result to achieve the same functionality.
  axis=1, join_axes=[dforg.index])
Multiprocess sampling (4 chains in 4 jobs)
CompoundStep
>NUTS: [mu, alpha, hyper_mu_mu, hyper_mu_sd, hyper_alpha_mu, hyper_alpha_sd]
>Metropolis: [y_pred]
There were 353 divergences after tuning. Increase `target_accept` or reparameterize.
There were 563 divergences after tuning. Increase `target_accept` or reparameterize.
There were 747 divergences after tuning. Increase `target_accept` or reparameterize.
The acceptance probability does not match the target. It is 0.8412333797480549, but should be close to 0.9. Try to increase the number of tuning steps.
There were 652 divergences after tuning. Increase `target_accept` or reparameterize.
The number of effective samples is smaller than 25% for some parameters.
/uufs/chpc.utah.edu/common/home/u1141243/software/pkg/miniconda3/lib/python3.7/site-packages/pymc3/stats.py:991: FutureWarning: The join_axes-keyword is deprecated. Use .reindex or .reindex_like on the result to achieve the same functionality.
  axis=1, join_axes=[dforg.index])
Multiprocess sampling (4 chains in 4 jobs)
CompoundStep
>NUTS: [mu, alpha, hyper_mu_mu, hyper_mu_sd, hyper_alpha_mu, hyper_alpha_sd]
>Metropolis: [y_pred]
There were 653 divergences after tuning. Increase `target_accept` or reparameterize.
There were 321 divergences after tuning. Increase `target_accept` or reparameterize.
There were 367 divergences after tuning. Increase `target_accept` or reparameterize.
There were 361 divergences after tuning. Increase `target_accept` or reparameterize.
The number of effective samples is smaller than 25% for some parameters.
/uufs/chpc.utah.edu/common/home/u1141243/software/pkg/miniconda3/lib/python3.7/site-packages/pymc3/stats.py:991: FutureWarning: The join_axes-keyword is deprecated. Use .reindex or .reindex_like on the result to achieve the same functionality.
  axis=1, join_axes=[dforg.index])
Multiprocess sampling (4 chains in 4 jobs)
CompoundStep
>NUTS: [mu, alpha, hyper_mu_mu, hyper_mu_sd, hyper_alpha_mu, hyper_alpha_sd]
>Metropolis: [y_pred]
There were 702 divergences after tuning. Increase `target_accept` or reparameterize.
There were 1011 divergences after tuning. Increase `target_accept` or reparameterize.
The acceptance probability does not match the target. It is 0.8235361698604802, but should be close to 0.9. Try to increase the number of tuning steps.
There were 423 divergences after tuning. Increase `target_accept` or reparameterize.
There were 591 divergences after tuning. Increase `target_accept` or reparameterize.
The number of effective samples is smaller than 25% for some parameters.
/uufs/chpc.utah.edu/common/home/u1141243/software/pkg/miniconda3/lib/python3.7/site-packages/arviz/plots/traceplot.py:185: RuntimeWarning: More than 20 figures have been opened. Figures created through the pyplot interface (`matplotlib.pyplot.figure`) are retained until explicitly closed and may consume too much memory. (To control this warning, see the rcParam `figure.max_open_warning`).
  len(plotters), 2, squeeze=False, figsize=figsize, constrained_layout=True
/uufs/chpc.utah.edu/common/home/u1141243/software/pkg/miniconda3/lib/python3.7/site-packages/pymc3/stats.py:991: FutureWarning: The join_axes-keyword is deprecated. Use .reindex or .reindex_like on the result to achieve the same functionality.
  axis=1, join_axes=[dforg.index])
Multiprocess sampling (4 chains in 4 jobs)
CompoundStep
>NUTS: [mu, alpha, hyper_mu_mu, hyper_mu_sd, hyper_alpha_mu, hyper_alpha_sd]
>Metropolis: [y_pred]
There were 663 divergences after tuning. Increase `target_accept` or reparameterize.
There were 567 divergences after tuning. Increase `target_accept` or reparameterize.
There were 889 divergences after tuning. Increase `target_accept` or reparameterize.
There were 965 divergences after tuning. Increase `target_accept` or reparameterize.
The number of effective samples is smaller than 25% for some parameters.
/uufs/chpc.utah.edu/common/home/u1141243/software/pkg/miniconda3/lib/python3.7/site-packages/arviz/plots/traceplot.py:185: RuntimeWarning: More than 20 figures have been opened. Figures created through the pyplot interface (`matplotlib.pyplot.figure`) are retained until explicitly closed and may consume too much memory. (To control this warning, see the rcParam `figure.max_open_warning`).
  len(plotters), 2, squeeze=False, figsize=figsize, constrained_layout=True
/uufs/chpc.utah.edu/common/home/u1141243/software/pkg/miniconda3/lib/python3.7/site-packages/pymc3/stats.py:991: FutureWarning: The join_axes-keyword is deprecated. Use .reindex or .reindex_like on the result to achieve the same functionality.
  axis=1, join_axes=[dforg.index])
Multiprocess sampling (4 chains in 4 jobs)
CompoundStep
>NUTS: [mu, alpha, hyper_mu_mu, hyper_mu_sd, hyper_alpha_mu, hyper_alpha_sd]
>Metropolis: [y_pred]
There were 667 divergences after tuning. Increase `target_accept` or reparameterize.
There were 771 divergences after tuning. Increase `target_accept` or reparameterize.
There were 521 divergences after tuning. Increase `target_accept` or reparameterize.
There were 534 divergences after tuning. Increase `target_accept` or reparameterize.
The number of effective samples is smaller than 10% for some parameters.
/uufs/chpc.utah.edu/common/home/u1141243/software/pkg/miniconda3/lib/python3.7/site-packages/arviz/plots/traceplot.py:185: RuntimeWarning: More than 20 figures have been opened. Figures created through the pyplot interface (`matplotlib.pyplot.figure`) are retained until explicitly closed and may consume too much memory. (To control this warning, see the rcParam `figure.max_open_warning`).
  len(plotters), 2, squeeze=False, figsize=figsize, constrained_layout=True
/uufs/chpc.utah.edu/common/home/u1141243/software/pkg/miniconda3/lib/python3.7/site-packages/pymc3/stats.py:991: FutureWarning: The join_axes-keyword is deprecated. Use .reindex or .reindex_like on the result to achieve the same functionality.
  axis=1, join_axes=[dforg.index])
Multiprocess sampling (4 chains in 4 jobs)
CompoundStep
>NUTS: [mu, alpha, hyper_mu_mu, hyper_mu_sd, hyper_alpha_mu, hyper_alpha_sd]
>Metropolis: [y_pred]
There were 728 divergences after tuning. Increase `target_accept` or reparameterize.
There were 877 divergences after tuning. Increase `target_accept` or reparameterize.
There were 571 divergences after tuning. Increase `target_accept` or reparameterize.
There were 594 divergences after tuning. Increase `target_accept` or reparameterize.
The number of effective samples is smaller than 25% for some parameters.
/uufs/chpc.utah.edu/common/home/u1141243/software/pkg/miniconda3/lib/python3.7/site-packages/arviz/plots/traceplot.py:185: RuntimeWarning: More than 20 figures have been opened. Figures created through the pyplot interface (`matplotlib.pyplot.figure`) are retained until explicitly closed and may consume too much memory. (To control this warning, see the rcParam `figure.max_open_warning`).
  len(plotters), 2, squeeze=False, figsize=figsize, constrained_layout=True
/uufs/chpc.utah.edu/common/home/u1141243/software/pkg/miniconda3/lib/python3.7/site-packages/pymc3/stats.py:991: FutureWarning: The join_axes-keyword is deprecated. Use .reindex or .reindex_like on the result to achieve the same functionality.
  axis=1, join_axes=[dforg.index])
