/uufs/chpc.utah.edu/common/home/u1141243/.bashrc: line 65: bind: warning: line editing not enabled
[?1034h/uufs/chpc.utah.edu/common/home/u1141243/.bashrc: line 66: bind: warning: line editing not enabled
/uufs/chpc.utah.edu/sys/installdir/python/3.6.3/lib/python3.6/site-packages/h5py-2.7.1-py3.6-linux-x86_64.egg/h5py/__init__.py:36: FutureWarning: Conversion of the second argument of issubdtype from `float` to `np.floating` is deprecated. In future, it will be treated as `np.float64 == np.dtype(float).type`.
  from ._conv import register_converters as _register_converters
/uufs/chpc.utah.edu/sys/installdir/python/3.6.3/lib/python3.6/site-packages/h5py-2.7.1-py3.6-linux-x86_64.egg/h5py/__init__.py:68: UserWarning: h5py is running against HDF5 1.8.17 when it was built against 1.8.4, this may cause problems
  '{0}.{1}.{2}'.format(*version.hdf5_built_version_tuple)
Multiprocess sampling (4 chains in 4 jobs)
CompoundStep
>NUTS: [mu, alpha, hyper_mu_mu, hyper_mu_sd, hyper_alpha_mu, hyper_alpha_sd]
>Metropolis: [y_pred]
There were 913 divergences after tuning. Increase `target_accept` or reparameterize.
The acceptance probability does not match the target. It is 0.8171543853254168, but should be close to 0.9. Try to increase the number of tuning steps.
There were 330 divergences after tuning. Increase `target_accept` or reparameterize.
There were 578 divergences after tuning. Increase `target_accept` or reparameterize.
There were 1189 divergences after tuning. Increase `target_accept` or reparameterize.
The acceptance probability does not match the target. It is 0.7903259835421304, but should be close to 0.9. Try to increase the number of tuning steps.
The number of effective samples is smaller than 10% for some parameters.
Multiprocess sampling (4 chains in 4 jobs)
CompoundStep
>NUTS: [mu, alpha, hyper_mu_mu, hyper_mu_sd, hyper_alpha_mu, hyper_alpha_sd]
>Metropolis: [y_pred]
There were 883 divergences after tuning. Increase `target_accept` or reparameterize.
The acceptance probability does not match the target. It is 0.7969138528364484, but should be close to 0.9. Try to increase the number of tuning steps.
There were 402 divergences after tuning. Increase `target_accept` or reparameterize.
There were 620 divergences after tuning. Increase `target_accept` or reparameterize.
The acceptance probability does not match the target. It is 0.8310457284702923, but should be close to 0.9. Try to increase the number of tuning steps.
There were 303 divergences after tuning. Increase `target_accept` or reparameterize.
The number of effective samples is smaller than 10% for some parameters.
Multiprocess sampling (4 chains in 4 jobs)
CompoundStep
>NUTS: [mu, alpha, hyper_mu_mu, hyper_mu_sd, hyper_alpha_mu, hyper_alpha_sd]
>Metropolis: [y_pred]
There were 1176 divergences after tuning. Increase `target_accept` or reparameterize.
The acceptance probability does not match the target. It is 0.7795491543474398, but should be close to 0.9. Try to increase the number of tuning steps.
There were 458 divergences after tuning. Increase `target_accept` or reparameterize.
There were 1799 divergences after tuning. Increase `target_accept` or reparameterize.
The acceptance probability does not match the target. It is 0.7289079305079412, but should be close to 0.9. Try to increase the number of tuning steps.
There were 952 divergences after tuning. Increase `target_accept` or reparameterize.
The acceptance probability does not match the target. It is 0.7933034316209158, but should be close to 0.9. Try to increase the number of tuning steps.
The estimated number of effective samples is smaller than 200 for some parameters.
Multiprocess sampling (4 chains in 4 jobs)
CompoundStep
>NUTS: [mu, alpha, hyper_mu_mu, hyper_mu_sd, hyper_alpha_mu, hyper_alpha_sd]
>Metropolis: [y_pred]
There were 1727 divergences after tuning. Increase `target_accept` or reparameterize.
The acceptance probability does not match the target. It is 0.6742684402850502, but should be close to 0.9. Try to increase the number of tuning steps.
There were 1078 divergences after tuning. Increase `target_accept` or reparameterize.
There were 1963 divergences after tuning. Increase `target_accept` or reparameterize.
The acceptance probability does not match the target. It is 0.6402992141073937, but should be close to 0.9. Try to increase the number of tuning steps.
There were 1362 divergences after tuning. Increase `target_accept` or reparameterize.
The acceptance probability does not match the target. It is 0.725180511119964, but should be close to 0.9. Try to increase the number of tuning steps.
The estimated number of effective samples is smaller than 200 for some parameters.
Multiprocess sampling (4 chains in 4 jobs)
CompoundStep
>NUTS: [mu, alpha, hyper_mu_mu, hyper_mu_sd, hyper_alpha_mu, hyper_alpha_sd]
>Metropolis: [y_pred]
There were 3102 divergences after tuning. Increase `target_accept` or reparameterize.
The acceptance probability does not match the target. It is 0.5902555643798455, but should be close to 0.9. Try to increase the number of tuning steps.
There were 695 divergences after tuning. Increase `target_accept` or reparameterize.
There were 461 divergences after tuning. Increase `target_accept` or reparameterize.
There were 377 divergences after tuning. Increase `target_accept` or reparameterize.
The estimated number of effective samples is smaller than 200 for some parameters.
Multiprocess sampling (4 chains in 4 jobs)
CompoundStep
>NUTS: [mu, alpha, hyper_mu_mu, hyper_mu_sd, hyper_alpha_mu, hyper_alpha_sd]
>Metropolis: [y_pred]
There were 677 divergences after tuning. Increase `target_accept` or reparameterize.
The acceptance probability does not match the target. It is 0.784907986012527, but should be close to 0.9. Try to increase the number of tuning steps.
There were 342 divergences after tuning. Increase `target_accept` or reparameterize.
There were 533 divergences after tuning. Increase `target_accept` or reparameterize.
The acceptance probability does not match the target. It is 0.8218472957852826, but should be close to 0.9. Try to increase the number of tuning steps.
There were 773 divergences after tuning. Increase `target_accept` or reparameterize.
The number of effective samples is smaller than 10% for some parameters.
Multiprocess sampling (4 chains in 4 jobs)
CompoundStep
>NUTS: [mu, alpha, hyper_mu_mu, hyper_mu_sd, hyper_alpha_mu, hyper_alpha_sd]
>Metropolis: [y_pred]
There were 2907 divergences after tuning. Increase `target_accept` or reparameterize.
The acceptance probability does not match the target. It is 0.6262324912233003, but should be close to 0.9. Try to increase the number of tuning steps.
There were 384 divergences after tuning. Increase `target_accept` or reparameterize.
There were 336 divergences after tuning. Increase `target_accept` or reparameterize.
There were 583 divergences after tuning. Increase `target_accept` or reparameterize.
The estimated number of effective samples is smaller than 200 for some parameters.
Multiprocess sampling (4 chains in 4 jobs)
CompoundStep
>NUTS: [mu, alpha, hyper_mu_mu, hyper_mu_sd, hyper_alpha_mu, hyper_alpha_sd]
>Metropolis: [y_pred]
There were 300 divergences after tuning. Increase `target_accept` or reparameterize.
There were 398 divergences after tuning. Increase `target_accept` or reparameterize.
There were 326 divergences after tuning. Increase `target_accept` or reparameterize.
There were 514 divergences after tuning. Increase `target_accept` or reparameterize.
The number of effective samples is smaller than 25% for some parameters.
Multiprocess sampling (4 chains in 4 jobs)
CompoundStep
>NUTS: [mu, alpha, hyper_mu_mu, hyper_mu_sd, hyper_alpha_mu, hyper_alpha_sd]
>Metropolis: [y_pred]
There were 301 divergences after tuning. Increase `target_accept` or reparameterize.
There were 423 divergences after tuning. Increase `target_accept` or reparameterize.
There were 526 divergences after tuning. Increase `target_accept` or reparameterize.
There were 718 divergences after tuning. Increase `target_accept` or reparameterize.
The acceptance probability does not match the target. It is 0.7883869463660336, but should be close to 0.9. Try to increase the number of tuning steps.
The number of effective samples is smaller than 10% for some parameters.
Multiprocess sampling (4 chains in 4 jobs)
CompoundStep
>NUTS: [mu, alpha, hyper_mu_mu, hyper_mu_sd, hyper_alpha_mu, hyper_alpha_sd]
>Metropolis: [y_pred]
There were 488 divergences after tuning. Increase `target_accept` or reparameterize.
There were 578 divergences after tuning. Increase `target_accept` or reparameterize.
There were 426 divergences after tuning. Increase `target_accept` or reparameterize.
There were 432 divergences after tuning. Increase `target_accept` or reparameterize.
The number of effective samples is smaller than 25% for some parameters.
Multiprocess sampling (4 chains in 4 jobs)
CompoundStep
>NUTS: [mu, alpha, hyper_mu_mu, hyper_mu_sd, hyper_alpha_mu, hyper_alpha_sd]
>Metropolis: [y_pred]
There were 503 divergences after tuning. Increase `target_accept` or reparameterize.
There were 608 divergences after tuning. Increase `target_accept` or reparameterize.
There were 673 divergences after tuning. Increase `target_accept` or reparameterize.
The acceptance probability does not match the target. It is 0.8210284656504232, but should be close to 0.9. Try to increase the number of tuning steps.
There were 502 divergences after tuning. Increase `target_accept` or reparameterize.
The acceptance probability does not match the target. It is 0.8347623464391506, but should be close to 0.9. Try to increase the number of tuning steps.
The number of effective samples is smaller than 10% for some parameters.
Multiprocess sampling (4 chains in 4 jobs)
CompoundStep
>NUTS: [mu, alpha, hyper_mu_mu, hyper_mu_sd, hyper_alpha_mu, hyper_alpha_sd]
>Metropolis: [y_pred]
There were 382 divergences after tuning. Increase `target_accept` or reparameterize.
There were 1067 divergences after tuning. Increase `target_accept` or reparameterize.
The acceptance probability does not match the target. It is 0.7725919102647083, but should be close to 0.9. Try to increase the number of tuning steps.
There were 592 divergences after tuning. Increase `target_accept` or reparameterize.
There were 420 divergences after tuning. Increase `target_accept` or reparameterize.
The number of effective samples is smaller than 10% for some parameters.
Multiprocess sampling (4 chains in 4 jobs)
CompoundStep
>NUTS: [mu, alpha, hyper_mu_mu, hyper_mu_sd, hyper_alpha_mu, hyper_alpha_sd]
>Metropolis: [y_pred]
There were 678 divergences after tuning. Increase `target_accept` or reparameterize.
The acceptance probability does not match the target. It is 0.7891363548904615, but should be close to 0.9. Try to increase the number of tuning steps.
There were 764 divergences after tuning. Increase `target_accept` or reparameterize.
The acceptance probability does not match the target. It is 0.8268763614488109, but should be close to 0.9. Try to increase the number of tuning steps.
There were 884 divergences after tuning. Increase `target_accept` or reparameterize.
The acceptance probability does not match the target. It is 0.7897519447715993, but should be close to 0.9. Try to increase the number of tuning steps.
There were 459 divergences after tuning. Increase `target_accept` or reparameterize.
The number of effective samples is smaller than 10% for some parameters.
Multiprocess sampling (4 chains in 4 jobs)
CompoundStep
>NUTS: [mu, alpha, hyper_mu_mu, hyper_mu_sd, hyper_alpha_mu, hyper_alpha_sd]
>Metropolis: [y_pred]
There were 549 divergences after tuning. Increase `target_accept` or reparameterize.
The acceptance probability does not match the target. It is 0.8120590662040735, but should be close to 0.9. Try to increase the number of tuning steps.
There were 785 divergences after tuning. Increase `target_accept` or reparameterize.
The acceptance probability does not match the target. It is 0.8253397084458661, but should be close to 0.9. Try to increase the number of tuning steps.
There were 360 divergences after tuning. Increase `target_accept` or reparameterize.
There were 303 divergences after tuning. Increase `target_accept` or reparameterize.
The number of effective samples is smaller than 10% for some parameters.
Multiprocess sampling (4 chains in 4 jobs)
CompoundStep
>NUTS: [mu, alpha, hyper_mu_mu, hyper_mu_sd, hyper_alpha_mu, hyper_alpha_sd]
>Metropolis: [y_pred]
There were 488 divergences after tuning. Increase `target_accept` or reparameterize.
There were 302 divergences after tuning. Increase `target_accept` or reparameterize.
There were 386 divergences after tuning. Increase `target_accept` or reparameterize.
There were 324 divergences after tuning. Increase `target_accept` or reparameterize.
The number of effective samples is smaller than 25% for some parameters.
Multiprocess sampling (4 chains in 4 jobs)
CompoundStep
>NUTS: [mu, alpha, hyper_mu_mu, hyper_mu_sd, hyper_alpha_mu, hyper_alpha_sd]
>Metropolis: [y_pred]
There were 680 divergences after tuning. Increase `target_accept` or reparameterize.
There were 553 divergences after tuning. Increase `target_accept` or reparameterize.
The acceptance probability does not match the target. It is 0.7964797935787549, but should be close to 0.9. Try to increase the number of tuning steps.
There were 1113 divergences after tuning. Increase `target_accept` or reparameterize.
The acceptance probability does not match the target. It is 0.7481555761681109, but should be close to 0.9. Try to increase the number of tuning steps.
There were 310 divergences after tuning. Increase `target_accept` or reparameterize.
The number of effective samples is smaller than 10% for some parameters.
Multiprocess sampling (4 chains in 4 jobs)
CompoundStep
>NUTS: [mu, alpha, hyper_mu_mu, hyper_mu_sd, hyper_alpha_mu, hyper_alpha_sd]
>Metropolis: [y_pred]
There were 467 divergences after tuning. Increase `target_accept` or reparameterize.
There were 319 divergences after tuning. Increase `target_accept` or reparameterize.
There were 459 divergences after tuning. Increase `target_accept` or reparameterize.
There were 403 divergences after tuning. Increase `target_accept` or reparameterize.
The number of effective samples is smaller than 25% for some parameters.
INFO (theano.gof.compilelock): Waiting for existing lock by unknown process (I am process '3906')
INFO (theano.gof.compilelock): To manually release the lock, delete /uufs/chpc.utah.edu/common/home/u1141243/.theano/compiledir_Linux-3.10-el7.x86_64-x86_64-with-centos-7.6.1810-Core-x86_64-3.6.3-64/lock_dir
Multiprocess sampling (4 chains in 4 jobs)
CompoundStep
>NUTS: [mu, alpha, hyper_mu_mu, hyper_mu_sd, hyper_alpha_mu, hyper_alpha_sd]
>Metropolis: [y_pred]
There were 651 divergences after tuning. Increase `target_accept` or reparameterize.
The acceptance probability does not match the target. It is 0.8306178490739146, but should be close to 0.9. Try to increase the number of tuning steps.
There were 286 divergences after tuning. Increase `target_accept` or reparameterize.
There were 537 divergences after tuning. Increase `target_accept` or reparameterize.
There were 336 divergences after tuning. Increase `target_accept` or reparameterize.
The number of effective samples is smaller than 25% for some parameters.
Multiprocess sampling (4 chains in 4 jobs)
CompoundStep
>NUTS: [mu, alpha, hyper_mu_mu, hyper_mu_sd, hyper_alpha_mu, hyper_alpha_sd]
>Metropolis: [y_pred]
There were 373 divergences after tuning. Increase `target_accept` or reparameterize.
There were 565 divergences after tuning. Increase `target_accept` or reparameterize.
There were 523 divergences after tuning. Increase `target_accept` or reparameterize.
There were 567 divergences after tuning. Increase `target_accept` or reparameterize.
The acceptance probability does not match the target. It is 0.8332863686515427, but should be close to 0.9. Try to increase the number of tuning steps.
The number of effective samples is smaller than 10% for some parameters.
Multiprocess sampling (4 chains in 4 jobs)
CompoundStep
>NUTS: [mu, alpha, hyper_mu_mu, hyper_mu_sd, hyper_alpha_mu, hyper_alpha_sd]
>Metropolis: [y_pred]
There were 360 divergences after tuning. Increase `target_accept` or reparameterize.
There were 396 divergences after tuning. Increase `target_accept` or reparameterize.
There were 445 divergences after tuning. Increase `target_accept` or reparameterize.
There were 1042 divergences after tuning. Increase `target_accept` or reparameterize.
The acceptance probability does not match the target. It is 0.7803568505371984, but should be close to 0.9. Try to increase the number of tuning steps.
The number of effective samples is smaller than 10% for some parameters.
Multiprocess sampling (4 chains in 4 jobs)
CompoundStep
>NUTS: [mu, alpha, hyper_mu_mu, hyper_mu_sd, hyper_alpha_mu, hyper_alpha_sd]
>Metropolis: [y_pred]
There were 500 divergences after tuning. Increase `target_accept` or reparameterize.
There were 601 divergences after tuning. Increase `target_accept` or reparameterize.
The acceptance probability does not match the target. It is 0.8285407388222714, but should be close to 0.9. Try to increase the number of tuning steps.
There were 425 divergences after tuning. Increase `target_accept` or reparameterize.
There were 422 divergences after tuning. Increase `target_accept` or reparameterize.
The number of effective samples is smaller than 10% for some parameters.
Multiprocess sampling (4 chains in 4 jobs)
CompoundStep
>NUTS: [mu, alpha, hyper_mu_mu, hyper_mu_sd, hyper_alpha_mu, hyper_alpha_sd]
>Metropolis: [y_pred]
There were 432 divergences after tuning. Increase `target_accept` or reparameterize.
There were 609 divergences after tuning. Increase `target_accept` or reparameterize.
The acceptance probability does not match the target. It is 0.8311973663698408, but should be close to 0.9. Try to increase the number of tuning steps.
There were 334 divergences after tuning. Increase `target_accept` or reparameterize.
There were 424 divergences after tuning. Increase `target_accept` or reparameterize.
The number of effective samples is smaller than 10% for some parameters.
Multiprocess sampling (4 chains in 4 jobs)
CompoundStep
>NUTS: [mu, alpha, hyper_mu_mu, hyper_mu_sd, hyper_alpha_mu, hyper_alpha_sd]
>Metropolis: [y_pred]
There were 546 divergences after tuning. Increase `target_accept` or reparameterize.
The acceptance probability does not match the target. It is 0.8241259663937964, but should be close to 0.9. Try to increase the number of tuning steps.
There were 422 divergences after tuning. Increase `target_accept` or reparameterize.
There were 1156 divergences after tuning. Increase `target_accept` or reparameterize.
The acceptance probability does not match the target. It is 0.8059025694684303, but should be close to 0.9. Try to increase the number of tuning steps.
There were 500 divergences after tuning. Increase `target_accept` or reparameterize.
The number of effective samples is smaller than 10% for some parameters.
Multiprocess sampling (4 chains in 4 jobs)
CompoundStep
>NUTS: [mu, alpha, hyper_mu_mu, hyper_mu_sd, hyper_alpha_mu, hyper_alpha_sd]
>Metropolis: [y_pred]
There were 1000 divergences after tuning. Increase `target_accept` or reparameterize.
The acceptance probability does not match the target. It is 0.7891388071399807, but should be close to 0.9. Try to increase the number of tuning steps.
There were 274 divergences after tuning. Increase `target_accept` or reparameterize.
There were 615 divergences after tuning. Increase `target_accept` or reparameterize.
The acceptance probability does not match the target. It is 0.8349901264434983, but should be close to 0.9. Try to increase the number of tuning steps.
There were 691 divergences after tuning. Increase `target_accept` or reparameterize.
The number of effective samples is smaller than 10% for some parameters.
