/uufs/chpc.utah.edu/common/home/u1141243/.bashrc: line 65: bind: warning: line editing not enabled
[?1034h/uufs/chpc.utah.edu/common/home/u1141243/.bashrc: line 66: bind: warning: line editing not enabled
/uufs/chpc.utah.edu/sys/installdir/python/3.6.3/lib/python3.6/site-packages/h5py-2.7.1-py3.6-linux-x86_64.egg/h5py/__init__.py:68: UserWarning: h5py is running against HDF5 1.8.17 when it was built against 1.8.4, this may cause problems
  '{0}.{1}.{2}'.format(*version.hdf5_built_version_tuple)
Multiprocess sampling (4 chains in 4 jobs)
CompoundStep
>NUTS: [mu, alpha]
>Metropolis: [y_pred]
The number of effective samples is smaller than 25% for some parameters.
Multiprocess sampling (4 chains in 4 jobs)
CompoundStep
>NUTS: [mu, alpha]
>Metropolis: [y_pred]
The number of effective samples is smaller than 25% for some parameters.
Multiprocess sampling (4 chains in 4 jobs)
CompoundStep
>NUTS: [mu, alpha]
>Metropolis: [y_pred]
The number of effective samples is smaller than 25% for some parameters.
Multiprocess sampling (4 chains in 4 jobs)
CompoundStep
>NUTS: [mu, alpha]
>Metropolis: [y_pred]
There were 12 divergences after tuning. Increase `target_accept` or reparameterize.
There were 54 divergences after tuning. Increase `target_accept` or reparameterize.
There were 2 divergences after tuning. Increase `target_accept` or reparameterize.
There were 3 divergences after tuning. Increase `target_accept` or reparameterize.
The number of effective samples is smaller than 10% for some parameters.
Multiprocess sampling (4 chains in 4 jobs)
CompoundStep
>NUTS: [mu, alpha]
>Metropolis: [y_pred]
The number of effective samples is smaller than 25% for some parameters.
Multiprocess sampling (4 chains in 4 jobs)
CompoundStep
>NUTS: [mu, alpha]
>Metropolis: [y_pred]
There were 2 divergences after tuning. Increase `target_accept` or reparameterize.
The acceptance probability does not match the target. It is 0.911982539316, but should be close to 0.8. Try to increase the number of tuning steps.
There were 18 divergences after tuning. Increase `target_accept` or reparameterize.
There were 2 divergences after tuning. Increase `target_accept` or reparameterize.
The number of effective samples is smaller than 25% for some parameters.
Multiprocess sampling (4 chains in 4 jobs)
CompoundStep
>NUTS: [mu, alpha]
>Metropolis: [y_pred]
There was 1 divergence after tuning. Increase `target_accept` or reparameterize.
There were 4 divergences after tuning. Increase `target_accept` or reparameterize.
The number of effective samples is smaller than 25% for some parameters.
Multiprocess sampling (4 chains in 4 jobs)
CompoundStep
>NUTS: [mu, alpha]
>Metropolis: [y_pred]
The number of effective samples is smaller than 25% for some parameters.
Multiprocess sampling (4 chains in 4 jobs)
CompoundStep
>NUTS: [mu, alpha]
>Metropolis: [y_pred]
There were 4 divergences after tuning. Increase `target_accept` or reparameterize.
The number of effective samples is smaller than 25% for some parameters.
Multiprocess sampling (4 chains in 4 jobs)
CompoundStep
>NUTS: [mu, alpha]
>Metropolis: [y_pred]
There were 3 divergences after tuning. Increase `target_accept` or reparameterize.
There were 2 divergences after tuning. Increase `target_accept` or reparameterize.
There were 6 divergences after tuning. Increase `target_accept` or reparameterize.
The number of effective samples is smaller than 25% for some parameters.
Multiprocess sampling (4 chains in 4 jobs)
CompoundStep
>NUTS: [mu, alpha]
>Metropolis: [y_pred]
There were 6 divergences after tuning. Increase `target_accept` or reparameterize.
There were 2 divergences after tuning. Increase `target_accept` or reparameterize.
The number of effective samples is smaller than 25% for some parameters.
Multiprocess sampling (4 chains in 4 jobs)
CompoundStep
>NUTS: [mu, alpha]
>Metropolis: [y_pred]
There were 23 divergences after tuning. Increase `target_accept` or reparameterize.
There were 3 divergences after tuning. Increase `target_accept` or reparameterize.
There were 5 divergences after tuning. Increase `target_accept` or reparameterize.
The acceptance probability does not match the target. It is 0.879224748587, but should be close to 0.8. Try to increase the number of tuning steps.
The number of effective samples is smaller than 25% for some parameters.
Multiprocess sampling (4 chains in 4 jobs)
CompoundStep
>NUTS: [mu, alpha]
>Metropolis: [y_pred]
There were 16 divergences after tuning. Increase `target_accept` or reparameterize.
There were 5 divergences after tuning. Increase `target_accept` or reparameterize.
There were 12 divergences after tuning. Increase `target_accept` or reparameterize.
There were 4 divergences after tuning. Increase `target_accept` or reparameterize.
The number of effective samples is smaller than 25% for some parameters.
Multiprocess sampling (4 chains in 4 jobs)
CompoundStep
>NUTS: [mu, alpha]
>Metropolis: [y_pred]
There were 11 divergences after tuning. Increase `target_accept` or reparameterize.
There was 1 divergence after tuning. Increase `target_accept` or reparameterize.
There were 6 divergences after tuning. Increase `target_accept` or reparameterize.
The number of effective samples is smaller than 25% for some parameters.
Multiprocess sampling (4 chains in 4 jobs)
CompoundStep
>NUTS: [mu, alpha]
>Metropolis: [y_pred]
There were 5 divergences after tuning. Increase `target_accept` or reparameterize.
There were 3 divergences after tuning. Increase `target_accept` or reparameterize.
There were 2 divergences after tuning. Increase `target_accept` or reparameterize.
There was 1 divergence after tuning. Increase `target_accept` or reparameterize.
The number of effective samples is smaller than 25% for some parameters.
Multiprocess sampling (4 chains in 4 jobs)
CompoundStep
>NUTS: [mu, alpha]
>Metropolis: [y_pred]
There were 2 divergences after tuning. Increase `target_accept` or reparameterize.
There was 1 divergence after tuning. Increase `target_accept` or reparameterize.
There was 1 divergence after tuning. Increase `target_accept` or reparameterize.
The number of effective samples is smaller than 25% for some parameters.
Multiprocess sampling (4 chains in 4 jobs)
CompoundStep
>NUTS: [mu, alpha]
>Metropolis: [y_pred]
There were 2 divergences after tuning. Increase `target_accept` or reparameterize.
There were 2 divergences after tuning. Increase `target_accept` or reparameterize.
There was 1 divergence after tuning. Increase `target_accept` or reparameterize.
There were 5 divergences after tuning. Increase `target_accept` or reparameterize.
The number of effective samples is smaller than 25% for some parameters.
Multiprocess sampling (4 chains in 4 jobs)
CompoundStep
>NUTS: [mu, alpha]
>Metropolis: [y_pred]
There were 3 divergences after tuning. Increase `target_accept` or reparameterize.
There were 5 divergences after tuning. Increase `target_accept` or reparameterize.
There were 44 divergences after tuning. Increase `target_accept` or reparameterize.
There were 7 divergences after tuning. Increase `target_accept` or reparameterize.
The number of effective samples is smaller than 25% for some parameters.
Multiprocess sampling (4 chains in 4 jobs)
CompoundStep
>NUTS: [mu, alpha]
>Metropolis: [y_pred]
There were 5 divergences after tuning. Increase `target_accept` or reparameterize.
There were 4 divergences after tuning. Increase `target_accept` or reparameterize.
The number of effective samples is smaller than 25% for some parameters.
Multiprocess sampling (4 chains in 4 jobs)
CompoundStep
>NUTS: [mu, alpha]
>Metropolis: [y_pred]
There were 3 divergences after tuning. Increase `target_accept` or reparameterize.
There were 6 divergences after tuning. Increase `target_accept` or reparameterize.
There were 10 divergences after tuning. Increase `target_accept` or reparameterize.
There were 13 divergences after tuning. Increase `target_accept` or reparameterize.
The number of effective samples is smaller than 25% for some parameters.
Multiprocess sampling (4 chains in 4 jobs)
CompoundStep
>NUTS: [mu, alpha]
>Metropolis: [y_pred]
There was 1 divergence after tuning. Increase `target_accept` or reparameterize.
There were 3 divergences after tuning. Increase `target_accept` or reparameterize.
There were 3 divergences after tuning. Increase `target_accept` or reparameterize.
The number of effective samples is smaller than 25% for some parameters.
Multiprocess sampling (4 chains in 4 jobs)
CompoundStep
>NUTS: [mu, alpha]
>Metropolis: [y_pred]
There were 15 divergences after tuning. Increase `target_accept` or reparameterize.
The number of effective samples is smaller than 25% for some parameters.
Multiprocess sampling (4 chains in 4 jobs)
CompoundStep
>NUTS: [mu, alpha]
>Metropolis: [y_pred]
There was 1 divergence after tuning. Increase `target_accept` or reparameterize.
There were 6 divergences after tuning. Increase `target_accept` or reparameterize.
There was 1 divergence after tuning. Increase `target_accept` or reparameterize.
There was 1 divergence after tuning. Increase `target_accept` or reparameterize.
The number of effective samples is smaller than 25% for some parameters.
Multiprocess sampling (4 chains in 4 jobs)
CompoundStep
>NUTS: [mu, alpha]
>Metropolis: [y_pred]
The number of effective samples is smaller than 25% for some parameters.
