/uufs/chpc.utah.edu/common/home/u1141243/.bashrc: line 65: bind: warning: line editing not enabled
[?1034h/uufs/chpc.utah.edu/common/home/u1141243/.bashrc: line 66: bind: warning: line editing not enabled
/uufs/chpc.utah.edu/sys/installdir/python/3.6.3/lib/python3.6/site-packages/h5py-2.7.1-py3.6-linux-x86_64.egg/h5py/__init__.py:36: FutureWarning: Conversion of the second argument of issubdtype from `float` to `np.floating` is deprecated. In future, it will be treated as `np.float64 == np.dtype(float).type`.
  from ._conv import register_converters as _register_converters
/uufs/chpc.utah.edu/sys/installdir/python/3.6.3/lib/python3.6/site-packages/h5py-2.7.1-py3.6-linux-x86_64.egg/h5py/__init__.py:68: UserWarning: h5py is running against HDF5 1.8.17 when it was built against 1.8.4, this may cause problems
  '{0}.{1}.{2}'.format(*version.hdf5_built_version_tuple)
INFO (theano.gof.compilelock): Waiting for existing lock by unknown process (I am process '30228')
INFO (theano.gof.compilelock): To manually release the lock, delete /uufs/chpc.utah.edu/common/home/u1141243/.theano/compiledir_Linux-3.10-el7.x86_64-x86_64-with-centos-7.6.1810-Core-x86_64-3.6.3-64/lock_dir
Multiprocess sampling (4 chains in 4 jobs)
CompoundStep
>NUTS: [mu, alpha, hyper_mu_mu, hyper_mu_sd, hyper_alpha_mu, hyper_alpha_sd]
>Metropolis: [y_pred]
There were 4963 divergences after tuning. Increase `target_accept` or reparameterize.
There were 7185 divergences after tuning. Increase `target_accept` or reparameterize.
The acceptance probability does not match the target. It is 0.8183028750366956, but should be close to 0.9. Try to increase the number of tuning steps.
There were 4396 divergences after tuning. Increase `target_accept` or reparameterize.
There were 3516 divergences after tuning. Increase `target_accept` or reparameterize.
The number of effective samples is smaller than 10% for some parameters.
Multiprocess sampling (4 chains in 4 jobs)
CompoundStep
>NUTS: [mu, alpha, hyper_mu_mu, hyper_mu_sd, hyper_alpha_mu, hyper_alpha_sd]
>Metropolis: [y_pred]
There were 35539 divergences after tuning. Increase `target_accept` or reparameterize.
The acceptance probability does not match the target. It is 0.589685162386072, but should be close to 0.9. Try to increase the number of tuning steps.
There were 4514 divergences after tuning. Increase `target_accept` or reparameterize.
There were 6345 divergences after tuning. Increase `target_accept` or reparameterize.
The acceptance probability does not match the target. It is 0.8399279027616532, but should be close to 0.9. Try to increase the number of tuning steps.
There were 3774 divergences after tuning. Increase `target_accept` or reparameterize.
The estimated number of effective samples is smaller than 200 for some parameters.
Multiprocess sampling (4 chains in 4 jobs)
CompoundStep
>NUTS: [mu, alpha, hyper_mu_mu, hyper_mu_sd, hyper_alpha_mu, hyper_alpha_sd]
>Metropolis: [y_pred]
There were 4306 divergences after tuning. Increase `target_accept` or reparameterize.
There were 6273 divergences after tuning. Increase `target_accept` or reparameterize.
There were 3514 divergences after tuning. Increase `target_accept` or reparameterize.
There were 4311 divergences after tuning. Increase `target_accept` or reparameterize.
The number of effective samples is smaller than 10% for some parameters.
Multiprocess sampling (4 chains in 4 jobs)
CompoundStep
>NUTS: [mu, alpha, hyper_mu_mu, hyper_mu_sd, hyper_alpha_mu, hyper_alpha_sd]
>Metropolis: [y_pred]
There were 6219 divergences after tuning. Increase `target_accept` or reparameterize.
There were 5303 divergences after tuning. Increase `target_accept` or reparameterize.
There were 12685 divergences after tuning. Increase `target_accept` or reparameterize.
The acceptance probability does not match the target. It is 0.7456346045960598, but should be close to 0.9. Try to increase the number of tuning steps.
There were 12419 divergences after tuning. Increase `target_accept` or reparameterize.
The acceptance probability does not match the target. It is 0.7313571247426781, but should be close to 0.9. Try to increase the number of tuning steps.
The number of effective samples is smaller than 10% for some parameters.
Multiprocess sampling (4 chains in 4 jobs)
CompoundStep
>NUTS: [mu, alpha, hyper_mu_mu, hyper_mu_sd, hyper_alpha_mu, hyper_alpha_sd]
>Metropolis: [y_pred]
There were 4960 divergences after tuning. Increase `target_accept` or reparameterize.
There were 6033 divergences after tuning. Increase `target_accept` or reparameterize.
The acceptance probability does not match the target. It is 0.8245631829313184, but should be close to 0.9. Try to increase the number of tuning steps.
There were 5153 divergences after tuning. Increase `target_accept` or reparameterize.
There were 3324 divergences after tuning. Increase `target_accept` or reparameterize.
The number of effective samples is smaller than 25% for some parameters.
Multiprocess sampling (4 chains in 4 jobs)
CompoundStep
>NUTS: [mu, alpha, hyper_mu_mu, hyper_mu_sd, hyper_alpha_mu, hyper_alpha_sd]
>Metropolis: [y_pred]
There were 2460 divergences after tuning. Increase `target_accept` or reparameterize.
There were 3187 divergences after tuning. Increase `target_accept` or reparameterize.
There were 2430 divergences after tuning. Increase `target_accept` or reparameterize.
There were 2524 divergences after tuning. Increase `target_accept` or reparameterize.
The number of effective samples is smaller than 25% for some parameters.
Multiprocess sampling (4 chains in 4 jobs)
CompoundStep
>NUTS: [mu, alpha, hyper_mu_mu, hyper_mu_sd, hyper_alpha_mu, hyper_alpha_sd]
>Metropolis: [y_pred]
There were 17541 divergences after tuning. Increase `target_accept` or reparameterize.
The acceptance probability does not match the target. It is 0.7288542169327025, but should be close to 0.9. Try to increase the number of tuning steps.
There were 4772 divergences after tuning. Increase `target_accept` or reparameterize.
There were 6057 divergences after tuning. Increase `target_accept` or reparameterize.
The acceptance probability does not match the target. It is 0.8382265075319902, but should be close to 0.9. Try to increase the number of tuning steps.
There were 5300 divergences after tuning. Increase `target_accept` or reparameterize.
The number of effective samples is smaller than 10% for some parameters.
Multiprocess sampling (4 chains in 4 jobs)
CompoundStep
>NUTS: [mu, alpha, hyper_mu_mu, hyper_mu_sd, hyper_alpha_mu, hyper_alpha_sd]
>Metropolis: [y_pred]
There were 5532 divergences after tuning. Increase `target_accept` or reparameterize.
The acceptance probability does not match the target. It is 0.8376551249074764, but should be close to 0.9. Try to increase the number of tuning steps.
There were 4346 divergences after tuning. Increase `target_accept` or reparameterize.
There were 5887 divergences after tuning. Increase `target_accept` or reparameterize.
There were 4458 divergences after tuning. Increase `target_accept` or reparameterize.
The number of effective samples is smaller than 10% for some parameters.
Multiprocess sampling (4 chains in 4 jobs)
CompoundStep
>NUTS: [mu, alpha, hyper_mu_mu, hyper_mu_sd, hyper_alpha_mu, hyper_alpha_sd]
>Metropolis: [y_pred]
There were 2700 divergences after tuning. Increase `target_accept` or reparameterize.
There were 2803 divergences after tuning. Increase `target_accept` or reparameterize.
There were 1935 divergences after tuning. Increase `target_accept` or reparameterize.
There were 1706 divergences after tuning. Increase `target_accept` or reparameterize.
The number of effective samples is smaller than 25% for some parameters.
Multiprocess sampling (4 chains in 4 jobs)
CompoundStep
>NUTS: [mu, alpha, hyper_mu_mu, hyper_mu_sd, hyper_alpha_mu, hyper_alpha_sd]
>Metropolis: [y_pred]
There were 2748 divergences after tuning. Increase `target_accept` or reparameterize.
There were 5359 divergences after tuning. Increase `target_accept` or reparameterize.
There were 2285 divergences after tuning. Increase `target_accept` or reparameterize.
There were 2389 divergences after tuning. Increase `target_accept` or reparameterize.
The number of effective samples is smaller than 10% for some parameters.
Multiprocess sampling (4 chains in 4 jobs)
CompoundStep
>NUTS: [mu, alpha, hyper_mu_mu, hyper_mu_sd, hyper_alpha_mu, hyper_alpha_sd]
>Metropolis: [y_pred]
There were 3201 divergences after tuning. Increase `target_accept` or reparameterize.
There were 3209 divergences after tuning. Increase `target_accept` or reparameterize.
There were 2103 divergences after tuning. Increase `target_accept` or reparameterize.
There were 2044 divergences after tuning. Increase `target_accept` or reparameterize.
The number of effective samples is smaller than 25% for some parameters.
Multiprocess sampling (4 chains in 4 jobs)
CompoundStep
>NUTS: [mu, alpha, hyper_mu_mu, hyper_mu_sd, hyper_alpha_mu, hyper_alpha_sd]
>Metropolis: [y_pred]
There were 2514 divergences after tuning. Increase `target_accept` or reparameterize.
There were 5828 divergences after tuning. Increase `target_accept` or reparameterize.
There were 2315 divergences after tuning. Increase `target_accept` or reparameterize.
There were 3750 divergences after tuning. Increase `target_accept` or reparameterize.
The number of effective samples is smaller than 10% for some parameters.
Multiprocess sampling (4 chains in 4 jobs)
CompoundStep
>NUTS: [mu, alpha, hyper_mu_mu, hyper_mu_sd, hyper_alpha_mu, hyper_alpha_sd]
>Metropolis: [y_pred]
There were 2585 divergences after tuning. Increase `target_accept` or reparameterize.
There were 3730 divergences after tuning. Increase `target_accept` or reparameterize.
There were 3160 divergences after tuning. Increase `target_accept` or reparameterize.
There were 1858 divergences after tuning. Increase `target_accept` or reparameterize.
The number of effective samples is smaller than 10% for some parameters.
Multiprocess sampling (4 chains in 4 jobs)
CompoundStep
>NUTS: [mu, alpha, hyper_mu_mu, hyper_mu_sd, hyper_alpha_mu, hyper_alpha_sd]
>Metropolis: [y_pred]
There were 17883 divergences after tuning. Increase `target_accept` or reparameterize.
The acceptance probability does not match the target. It is 0.7471945018599411, but should be close to 0.9. Try to increase the number of tuning steps.
There were 4810 divergences after tuning. Increase `target_accept` or reparameterize.
There were 2532 divergences after tuning. Increase `target_accept` or reparameterize.
There were 2603 divergences after tuning. Increase `target_accept` or reparameterize.
The number of effective samples is smaller than 10% for some parameters.
Multiprocess sampling (4 chains in 4 jobs)
CompoundStep
>NUTS: [mu, alpha, hyper_mu_mu, hyper_mu_sd, hyper_alpha_mu, hyper_alpha_sd]
>Metropolis: [y_pred]
There were 2805 divergences after tuning. Increase `target_accept` or reparameterize.
There were 2042 divergences after tuning. Increase `target_accept` or reparameterize.
There were 7985 divergences after tuning. Increase `target_accept` or reparameterize.
The acceptance probability does not match the target. It is 0.8186733858128653, but should be close to 0.9. Try to increase the number of tuning steps.
There were 6711 divergences after tuning. Increase `target_accept` or reparameterize.
The number of effective samples is smaller than 10% for some parameters.
Multiprocess sampling (4 chains in 4 jobs)
CompoundStep
>NUTS: [mu, alpha, hyper_mu_mu, hyper_mu_sd, hyper_alpha_mu, hyper_alpha_sd]
>Metropolis: [y_pred]
There were 3110 divergences after tuning. Increase `target_accept` or reparameterize.
There were 2557 divergences after tuning. Increase `target_accept` or reparameterize.
There were 2426 divergences after tuning. Increase `target_accept` or reparameterize.
There were 3166 divergences after tuning. Increase `target_accept` or reparameterize.
The number of effective samples is smaller than 10% for some parameters.
Multiprocess sampling (4 chains in 4 jobs)
CompoundStep
>NUTS: [mu, alpha, hyper_mu_mu, hyper_mu_sd, hyper_alpha_mu, hyper_alpha_sd]
>Metropolis: [y_pred]
There were 2186 divergences after tuning. Increase `target_accept` or reparameterize.
There were 3002 divergences after tuning. Increase `target_accept` or reparameterize.
There were 2428 divergences after tuning. Increase `target_accept` or reparameterize.
There were 3398 divergences after tuning. Increase `target_accept` or reparameterize.
The number of effective samples is smaller than 25% for some parameters.
Multiprocess sampling (4 chains in 4 jobs)
CompoundStep
>NUTS: [mu, alpha, hyper_mu_mu, hyper_mu_sd, hyper_alpha_mu, hyper_alpha_sd]
>Metropolis: [y_pred]
There were 3234 divergences after tuning. Increase `target_accept` or reparameterize.
There were 3212 divergences after tuning. Increase `target_accept` or reparameterize.
There were 2612 divergences after tuning. Increase `target_accept` or reparameterize.
There were 8609 divergences after tuning. Increase `target_accept` or reparameterize.
The acceptance probability does not match the target. It is 0.8299603971687809, but should be close to 0.9. Try to increase the number of tuning steps.
The number of effective samples is smaller than 10% for some parameters.
Multiprocess sampling (4 chains in 4 jobs)
CompoundStep
>NUTS: [mu, alpha, hyper_mu_mu, hyper_mu_sd, hyper_alpha_mu, hyper_alpha_sd]
>Metropolis: [y_pred]
There were 3493 divergences after tuning. Increase `target_accept` or reparameterize.
There were 2486 divergences after tuning. Increase `target_accept` or reparameterize.
There were 2313 divergences after tuning. Increase `target_accept` or reparameterize.
There were 2471 divergences after tuning. Increase `target_accept` or reparameterize.
The number of effective samples is smaller than 25% for some parameters.
Multiprocess sampling (4 chains in 4 jobs)
CompoundStep
>NUTS: [mu, alpha, hyper_mu_mu, hyper_mu_sd, hyper_alpha_mu, hyper_alpha_sd]
>Metropolis: [y_pred]
There were 2812 divergences after tuning. Increase `target_accept` or reparameterize.
There were 3192 divergences after tuning. Increase `target_accept` or reparameterize.
There were 3544 divergences after tuning. Increase `target_accept` or reparameterize.
There were 3946 divergences after tuning. Increase `target_accept` or reparameterize.
The acceptance probability does not match the target. It is 0.8331824830474747, but should be close to 0.9. Try to increase the number of tuning steps.
The number of effective samples is smaller than 10% for some parameters.
Multiprocess sampling (4 chains in 4 jobs)
CompoundStep
>NUTS: [mu, alpha, hyper_mu_mu, hyper_mu_sd, hyper_alpha_mu, hyper_alpha_sd]
>Metropolis: [y_pred]
There were 4028 divergences after tuning. Increase `target_accept` or reparameterize.
There were 4434 divergences after tuning. Increase `target_accept` or reparameterize.
There were 2648 divergences after tuning. Increase `target_accept` or reparameterize.
There were 3986 divergences after tuning. Increase `target_accept` or reparameterize.
The number of effective samples is smaller than 25% for some parameters.
Multiprocess sampling (4 chains in 4 jobs)
CompoundStep
>NUTS: [mu, alpha, hyper_mu_mu, hyper_mu_sd, hyper_alpha_mu, hyper_alpha_sd]
>Metropolis: [y_pred]
There were 3469 divergences after tuning. Increase `target_accept` or reparameterize.
There were 3684 divergences after tuning. Increase `target_accept` or reparameterize.
There were 5557 divergences after tuning. Increase `target_accept` or reparameterize.
The acceptance probability does not match the target. It is 0.8393220715825433, but should be close to 0.9. Try to increase the number of tuning steps.
There were 4831 divergences after tuning. Increase `target_accept` or reparameterize.
The acceptance probability does not match the target. It is 0.8379725840218454, but should be close to 0.9. Try to increase the number of tuning steps.
The number of effective samples is smaller than 10% for some parameters.
Multiprocess sampling (4 chains in 4 jobs)
CompoundStep
>NUTS: [mu, alpha, hyper_mu_mu, hyper_mu_sd, hyper_alpha_mu, hyper_alpha_sd]
>Metropolis: [y_pred]
There were 4252 divergences after tuning. Increase `target_accept` or reparameterize.
There were 3139 divergences after tuning. Increase `target_accept` or reparameterize.
There were 3540 divergences after tuning. Increase `target_accept` or reparameterize.
There were 4700 divergences after tuning. Increase `target_accept` or reparameterize.
The number of effective samples is smaller than 10% for some parameters.
Multiprocess sampling (4 chains in 4 jobs)
CompoundStep
>NUTS: [mu, alpha, hyper_mu_mu, hyper_mu_sd, hyper_alpha_mu, hyper_alpha_sd]
>Metropolis: [y_pred]
There were 3989 divergences after tuning. Increase `target_accept` or reparameterize.
There were 3110 divergences after tuning. Increase `target_accept` or reparameterize.
There were 2903 divergences after tuning. Increase `target_accept` or reparameterize.
There were 6127 divergences after tuning. Increase `target_accept` or reparameterize.
The acceptance probability does not match the target. It is 0.8316289510337271, but should be close to 0.9. Try to increase the number of tuning steps.
The number of effective samples is smaller than 10% for some parameters.
